This is pdfTeX, Version 3.1415926-1.40.10 (TeX Live 2009/Debian) (format=pdflatex 2013.10.17)  13 JAN 2014 17:07
entering extended mode
 %&-line parsing enabled.
**templUoA.tex
(./templUoA.tex
LaTeX2e <2009/09/24>
Babel <v3.8l> and hyphenation patterns for english, usenglishmax, dumylang, noh
yphenation, farsi, arabic, croatian, bulgarian, ukrainian, russian, czech, slov
ak, danish, dutch, finnish, french, basque, ngerman, german, german-x-2009-06-1
9, ngerman-x-2009-06-19, ibycus, monogreek, greek, ancientgreek, hungarian, san
skrit, italian, latin, latvian, lithuanian, mongolian2a, mongolian, bokmal, nyn
orsk, romanian, irish, coptic, serbian, turkish, welsh, esperanto, uppersorbian
, estonian, indonesian, interlingua, icelandic, kurmanji, slovenian, polish, po
rtuguese, spanish, galician, catalan, swedish, ukenglish, pinyin, loaded.
(/usr/share/texmf-texlive/tex/latex/base/report.cls
Document Class: report 2007/10/19 v1.4h Standard LaTeX document class
(/usr/share/texmf-texlive/tex/latex/base/size12.clo
File: size12.clo 2007/10/19 v1.4h Standard LaTeX file (size option)
)
\c@part=\count79
\c@chapter=\count80
\c@section=\count81
\c@subsection=\count82
\c@subsubsection=\count83
\c@paragraph=\count84
\c@subparagraph=\count85
\c@figure=\count86
\c@table=\count87
\abovecaptionskip=\skip41
\belowcaptionskip=\skip42
\bibindent=\dimen102
)
(/var/lib/texmf/tex/generic/babel/babel.sty
Package: babel 2008/07/06 v3.8l The Babel package

(/usr/share/texmf-texlive/tex/generic/babel/english.ldf
Language: english 2005/03/30 v3.3o English support from the babel system

(/usr/share/texmf-texlive/tex/generic/babel/babel.def
File: babel.def 2008/07/06 v3.8l Babel common definitions
\babel@savecnt=\count88
\U@D=\dimen103
)
\l@canadian = a dialect from \language\l@american 
\l@australian = a dialect from \language\l@british 
\l@newzealand = a dialect from \language\l@british 
)
(/usr/share/texmf-texlive/tex/generic/babel/greek.ldf
Language: greek 2005/03/30 v1.3l Greek support from the babel system

Loading the definitions for the Greek font encoding
(/usr/share/texmf-texlive/tex/generic/babel/lgrenc.def
File: lgrenc.def 2008/06/17 v2.3 Greek Encoding
)))
(/usr/share/texmf-texlive/tex/latex/base/inputenc.sty
Package: inputenc 2008/03/30 v1.1d Input encoding file
\inpenc@prehook=\toks14
\inpenc@posthook=\toks15

(/usr/share/texmf-texlive/tex/latex/greek-inputenc/iso-8859-7.def
File: iso-8859-7.def 2000/05/28 v1.2 Greek input encoding file
))
(/usr/share/texmf-texlive/tex/latex/graphics/graphicx.sty
Package: graphicx 1999/02/16 v1.0f Enhanced LaTeX Graphics (DPC,SPQR)

(/usr/share/texmf-texlive/tex/latex/graphics/keyval.sty
Package: keyval 1999/03/16 v1.13 key=value parser (DPC)
\KV@toks@=\toks16
)
(/usr/share/texmf-texlive/tex/latex/graphics/graphics.sty
Package: graphics 2009/02/05 v1.0o Standard LaTeX Graphics (DPC,SPQR)

(/usr/share/texmf-texlive/tex/latex/graphics/trig.sty
Package: trig 1999/03/16 v1.09 sin cos tan (DPC)
)
(/etc/texmf/tex/latex/config/graphics.cfg
File: graphics.cfg 2009/08/28 v1.8 graphics configuration of TeX Live
)
Package graphics Info: Driver file: pdftex.def on input line 91.

(/usr/share/texmf-texlive/tex/latex/pdftex-def/pdftex.def
File: pdftex.def 2010/03/12 v0.04p Graphics/color for pdfTeX
\Gread@gobject=\count89
))
\Gin@req@height=\dimen104
\Gin@req@width=\dimen105
)
(/usr/share/texmf-texlive/tex/latex/algorithms/algorithm.sty
Package: algorithm 2009/08/24 v0.1 Document Style `algorithm' - floating enviro
nment

(/usr/share/texmf-texlive/tex/latex/float/float.sty
Package: float 2001/11/08 v1.3d Float enhancements (AL)
\c@float@type=\count90
\float@exts=\toks17
\float@box=\box26
\@float@everytoks=\toks18
\@floatcapt=\box27
)
(/usr/share/texmf-texlive/tex/latex/base/ifthen.sty
Package: ifthen 2001/05/26 v1.1c Standard LaTeX ifthen package (DPC)
)
\@float@every@algorithm=\toks19
\c@algorithm=\count91
)
(/usr/share/texmf-texlive/tex/latex/ltxmisc/url.sty
\Urlmuskip=\muskip10
Package: url 2006/04/12  ver 3.3  Verb mode for urls, etc.
)
(/usr/share/texmf-texlive/tex/latex/algorithms/algorithmic.sty
Package: algorithmic 2009/08/24 v0.1 Document Style `algorithmic'
\c@ALC@unique=\count92
\c@ALC@line=\count93
\c@ALC@rem=\count94
\c@ALC@depth=\count95
\ALC@tlm=\skip43
\algorithmicindent=\skip44
)
(/usr/share/texmf-texlive/tex/latex/listings/listings.sty
\lst@mode=\count96
\lst@gtempboxa=\box28
\lst@token=\toks20
\lst@length=\count97
\lst@currlwidth=\dimen106
\lst@column=\count98
\lst@pos=\count99
\lst@lostspace=\dimen107
\lst@width=\dimen108
\lst@newlines=\count100
\lst@lineno=\count101
\lst@maxwidth=\dimen109

(/usr/share/texmf-texlive/tex/latex/listings/lstmisc.sty
File: lstmisc.sty 2007/02/22 1.4 (Carsten Heinz)
\c@lstnumber=\count102
\lst@skipnumbers=\count103
\lst@framebox=\box29
)
(/usr/share/texmf-texlive/tex/latex/listings/listings.cfg
File: listings.cfg 2007/02/22 1.4 listings configuration
))
Package: listings 2007/02/22 1.4 (Carsten Heinz)

(/usr/share/texmf-texlive/tex/latex/graphics/color.sty
Package: color 2005/11/14 v1.0j Standard LaTeX Color (DPC)

(/etc/texmf/tex/latex/config/color.cfg
File: color.cfg 2007/01/18 v1.5 color configuration of teTeX/TeXLive
)
Package color Info: Driver file: pdftex.def on input line 130.
)
(/usr/share/texmf-texlive/tex/latex/wrapfig/wrapfig.sty
\wrapoverhang=\dimen110
\WF@size=\dimen111
\c@WF@wrappedlines=\count104
\WF@box=\box30
\WF@everypar=\toks21
Package: wrapfig 2003/01/31  v 3.6
)
(/usr/share/texmf-texlive/tex/latex/amsfonts/amssymb.sty
Package: amssymb 2009/06/22 v3.00

(/usr/share/texmf-texlive/tex/latex/amsfonts/amsfonts.sty
Package: amsfonts 2009/06/22 v3.00 Basic AMSFonts support
\@emptytoks=\toks22
\symAMSa=\mathgroup4
\symAMSb=\mathgroup5
LaTeX Font Info:    Overwriting math alphabet `\mathfrak' in version `bold'
(Font)                  U/euf/m/n --> U/euf/b/n on input line 96.
))
(/usr/share/texmf-texlive/tex/latex/amsmath/amsmath.sty
Package: amsmath 2000/07/18 v2.13 AMS math features
\@mathmargin=\skip45

For additional information on amsmath, use the `?' option.
(/usr/share/texmf-texlive/tex/latex/amsmath/amstext.sty
Package: amstext 2000/06/29 v2.01

(/usr/share/texmf-texlive/tex/latex/amsmath/amsgen.sty
File: amsgen.sty 1999/11/30 v2.0
\@emptytoks=\toks23
\ex@=\dimen112
))
(/usr/share/texmf-texlive/tex/latex/amsmath/amsbsy.sty
Package: amsbsy 1999/11/29 v1.2d
\pmbraise@=\dimen113
)
(/usr/share/texmf-texlive/tex/latex/amsmath/amsopn.sty
Package: amsopn 1999/12/14 v2.01 operator names
)
\inf@bad=\count105
LaTeX Info: Redefining \frac on input line 211.
\uproot@=\count106
\leftroot@=\count107
LaTeX Info: Redefining \overline on input line 307.
\classnum@=\count108
\DOTSCASE@=\count109
LaTeX Info: Redefining \ldots on input line 379.
LaTeX Info: Redefining \dots on input line 382.
LaTeX Info: Redefining \cdots on input line 467.
\Mathstrutbox@=\box31
\strutbox@=\box32
\big@size=\dimen114
LaTeX Font Info:    Redeclaring font encoding OML on input line 567.
LaTeX Font Info:    Redeclaring font encoding OMS on input line 568.
\macc@depth=\count110
\c@MaxMatrixCols=\count111
\dotsspace@=\muskip11
\c@parentequation=\count112
\dspbrk@lvl=\count113
\tag@help=\toks24
\row@=\count114
\column@=\count115
\maxfields@=\count116
\andhelp@=\toks25
\eqnshift@=\dimen115
\alignsep@=\dimen116
\tagshift@=\dimen117
\tagwidth@=\dimen118
\totwidth@=\dimen119
\lineht@=\dimen120
\@envbody=\toks26
\multlinegap=\skip46
\multlinetaggap=\skip47
\mathdisplay@stack=\toks27
LaTeX Info: Redefining \[ on input line 2666.
LaTeX Info: Redefining \] on input line 2667.
)
(/usr/share/texmf-texlive/tex/latex/kerkis/kerkis.sty
File: kerkis.sty 2000/02/25 v1.5 Package `kerkis.sty'
  
***********************************************
******** Loading The Kerkis FontFamily ********
********** Department of Mathematics **********
*********** University of the Aegean **********
***********************************************
LaTeX Info: Redefining \LaTeX on input line 156.
LaTeX Info: Redefining \LaTeXe on input line 166.
)
(/usr/share/texmf-texlive/tex/latex/setspace/setspace.sty
Package: setspace 2000/12/01 6.7 Contributed and Supported LaTeX2e package

Package: `setspace' 6.7 <2000/12/01>
) (/usr/share/texmf-texlive/tex/latex/amscls/amsthm.sty
Package: amsthm 2004/08/06 v2.20
\thm@style=\toks28
\thm@bodyfont=\toks29
\thm@headfont=\toks30
\thm@notefont=\toks31
\thm@headpunct=\toks32
\thm@preskip=\skip48
\thm@postskip=\skip49
\thm@headsep=\skip50
\dth@everypar=\toks33
)
(/usr/share/texmf-texlive/tex/latex/xtab/xtab.sty
Package: xtab 2008/07/26 v2.3c Extended supertabular package
\c@tracingst=\count117
\PWSTcapht=\dimen121
\ST@wd=\dimen122
\ST@rightskip=\skip51
\ST@leftskip=\skip52
\ST@parfillskip=\skip53
\c@PWSTtable=\count118
\PWSTlastpage=\count119
\PWSTpenultimate=\count120
\PWSTcurpage=\count121
\PWSTtempc=\count122
\PWSTlines=\count123
\PWST@lastht=\dimen123
\PWST@generalht=\dimen124
\PWST@ht=\dimen125
\ST@pageleft=\dimen126
\ST@headht=\dimen127
\ST@tailht=\dimen128
\ST@pagesofar=\dimen129
\ST@pboxht=\dimen130
\ST@lineht=\dimen131
\ST@stretchht=\dimen132
\ST@prevht=\dimen133
\ST@toadd=\dimen134
\ST@dimen=\dimen135
\ST@pbox=\box33
)
(/usr/share/texmf-texlive/tex/latex/tools/longtable.sty
Package: longtable 2004/02/01 v4.11 Multi-page Table package (DPC)
\LTleft=\skip54
\LTright=\skip55
\LTpre=\skip56
\LTpost=\skip57
\LTchunksize=\count124
\LTcapwidth=\dimen136
\LT@head=\box34
\LT@firsthead=\box35
\LT@foot=\box36
\LT@lastfoot=\box37
\LT@cols=\count125
\LT@rows=\count126
\c@LT@tables=\count127
\c@LT@chunks=\count128
\LT@p@ftn=\toks34
)
(/usr/share/texmf-texlive/tex/latex/tocloft/tocloft.sty
Package: tocloft 2009/09/04 v2.3d parameterised ToC, etc., typesetting


Package tocloft Note: The document has chapter divisions.

\cftparskip=\skip58
\cftbeforetoctitleskip=\skip59
\cftaftertoctitleskip=\skip60
\cftbeforepartskip=\skip61
\cftpartnumwidth=\skip62
\cftpartindent=\skip63
\cftbeforechapskip=\skip64
\cftchapindent=\skip65
\cftchapnumwidth=\skip66
\cftbeforesecskip=\skip67
\cftsecindent=\skip68
\cftsecnumwidth=\skip69
\cftbeforesubsecskip=\skip70
\cftsubsecindent=\skip71
\cftsubsecnumwidth=\skip72
\cftbeforesubsubsecskip=\skip73
\cftsubsubsecindent=\skip74
\cftsubsubsecnumwidth=\skip75
\cftbeforeparaskip=\skip76
\cftparaindent=\skip77
\cftparanumwidth=\skip78
\cftbeforesubparaskip=\skip79
\cftsubparaindent=\skip80
\cftsubparanumwidth=\skip81
\cftbeforeloftitleskip=\skip82
\cftafterloftitleskip=\skip83
\cftbeforefigskip=\skip84
\cftfigindent=\skip85
\cftfignumwidth=\skip86
\c@lofdepth=\count129
\c@lotdepth=\count130
\cftbeforelottitleskip=\skip87
\cftafterlottitleskip=\skip88
\cftbeforetabskip=\skip89
\cfttabindent=\skip90
\cfttabnumwidth=\skip91
) (/usr/share/texmf-texlive/tex/latex/geometry/geometry.sty
Package: geometry 2008/12/21 v4.2 Page Geometry

(/usr/share/texmf-texlive/tex/generic/oberdiek/ifpdf.sty
Package: ifpdf 2009/04/10 v2.0 Provides the ifpdf switch (HO)
Package ifpdf Info: pdfTeX in pdf mode detected.
)
(/usr/share/texmf-texlive/tex/generic/oberdiek/ifvtex.sty
Package: ifvtex 2008/11/04 v1.4 Switches for detecting VTeX and its modes (HO)
Package ifvtex Info: VTeX not detected.
)
\Gm@cnth=\count131
\Gm@cntv=\count132
\c@Gm@tempcnt=\count133
\Gm@bindingoffset=\dimen137
\Gm@wd@mp=\dimen138
\Gm@odd@mp=\dimen139
\Gm@even@mp=\dimen140
\Gm@dimlist=\toks35

(/usr/share/texmf-texlive/tex/xelatex/xetexconfig/geometry.cfg))
(/usr/share/texmf-texlive/tex/latex/fancyhdr/fancyhdr.sty
\fancy@headwidth=\skip92
\f@ncyO@elh=\skip93
\f@ncyO@erh=\skip94
\f@ncyO@olh=\skip95
\f@ncyO@orh=\skip96
\f@ncyO@elf=\skip97
\f@ncyO@erf=\skip98
\f@ncyO@olf=\skip99
\f@ncyO@orf=\skip100
)
(/usr/share/texmf-texlive/tex/latex/hyperref/hyperref.sty
Package: hyperref 2009/10/09 v6.79a Hypertext links for LaTeX

(/usr/share/texmf-texlive/tex/generic/ifxetex/ifxetex.sty
Package: ifxetex 2009/01/23 v0.5 Provides ifxetex conditional
)
(/usr/share/texmf-texlive/tex/latex/oberdiek/hycolor.sty
Package: hycolor 2009/10/02 v1.5 Code for color options of hyperref/bookmark (H
O)

(/usr/share/texmf-texlive/tex/latex/oberdiek/xcolor-patch.sty
Package: xcolor-patch 2009/10/02 xcolor patch
))
\@linkdim=\dimen141
\Hy@linkcounter=\count134
\Hy@pagecounter=\count135

(/usr/share/texmf-texlive/tex/latex/hyperref/pd1enc.def
File: pd1enc.def 2009/10/09 v6.79a Hyperref: PDFDocEncoding definition (HO)
)
(/usr/share/texmf-texlive/tex/generic/oberdiek/etexcmds.sty
Package: etexcmds 2007/12/12 v1.2 Prefix for e-TeX command names (HO)

(/usr/share/texmf-texlive/tex/generic/oberdiek/infwarerr.sty
Package: infwarerr 2007/09/09 v1.2 Providing info/warning/message (HO)
)
Package etexcmds Info: Could not find \expanded.
(etexcmds)             That can mean that you are not using pdfTeX 1.50 or
(etexcmds)             that some package has redefined \expanded.
(etexcmds)             In the latter case, load this package earlier.
)
(/usr/share/texmf-texlive/tex/latex/latexconfig/hyperref.cfg
File: hyperref.cfg 2002/06/06 v1.2 hyperref configuration of TeXLive
)
(/usr/share/texmf-texlive/tex/latex/oberdiek/kvoptions.sty
Package: kvoptions 2009/08/13 v3.4 Keyval support for LaTeX options (HO)

(/usr/share/texmf-texlive/tex/generic/oberdiek/kvsetkeys.sty
Package: kvsetkeys 2009/07/30 v1.5 Key value parser with default handler suppor
t (HO)
))
Package hyperref Info: Option `bookmarksopen' set `false' on input line 2864.
Package hyperref Info: Option `bookmarks' set `true' on input line 2864.
Package hyperref Info: Hyper figures OFF on input line 2975.
Package hyperref Info: Link nesting OFF on input line 2980.
Package hyperref Info: Hyper index ON on input line 2983.
Package hyperref Info: Plain pages OFF on input line 2990.
Package hyperref Info: Backreferencing OFF on input line 2995.

Implicit mode ON; LaTeX internals redefined
Package hyperref Info: Bookmarks ON on input line 3191.
LaTeX Info: Redefining \url on input line 3428.
(/usr/share/texmf-texlive/tex/generic/oberdiek/bitset.sty
Package: bitset 2007/09/28 v1.0 Data type bit set (HO)

(/usr/share/texmf-texlive/tex/generic/oberdiek/intcalc.sty
Package: intcalc 2007/09/27 v1.1 Expandable integer calculations (HO)
)
(/usr/share/texmf-texlive/tex/generic/oberdiek/bigintcalc.sty
Package: bigintcalc 2007/11/11 v1.1 Expandable big integer calculations (HO)

(/usr/share/texmf-texlive/tex/generic/oberdiek/pdftexcmds.sty
Package: pdftexcmds 2009/09/23 v0.6 LuaTeX support for pdfTeX utility functions
 (HO)

(/usr/share/texmf-texlive/tex/generic/oberdiek/ifluatex.sty
Package: ifluatex 2009/04/17 v1.2 Provides the ifluatex switch (HO)
Package ifluatex Info: LuaTeX not detected.
)
(/usr/share/texmf-texlive/tex/generic/oberdiek/ltxcmds.sty
Package: ltxcmds 2009/08/05 v1.0 Some LaTeX kernel commands for general use (HO
)
)
Package pdftexcmds Info: LuaTeX not detected.
Package pdftexcmds Info: \pdf@primitive is available.
Package pdftexcmds Info: \pdf@ifprimitive is available.
)))
\Fld@menulength=\count136
\Field@Width=\dimen142
\Fld@charsize=\dimen143
\Field@toks=\toks36
Package hyperref Info: Hyper figures OFF on input line 4377.
Package hyperref Info: Link nesting OFF on input line 4382.
Package hyperref Info: Hyper index ON on input line 4385.
Package hyperref Info: backreferencing OFF on input line 4392.
Package hyperref Info: Link coloring OFF on input line 4397.
Package hyperref Info: Link coloring with OCG OFF on input line 4402.
Package hyperref Info: PDF/A mode OFF on input line 4407.

(/usr/share/texmf-texlive/tex/generic/oberdiek/atbegshi.sty
Package: atbegshi 2008/07/31 v1.9 At begin shipout hook (HO)
)
\Hy@abspage=\count137
\c@Item=\count138
\c@Hfootnote=\count139
)
*hyperref using default driver hpdftex*
(/usr/share/texmf-texlive/tex/latex/hyperref/hpdftex.def
File: hpdftex.def 2009/10/09 v6.79a Hyperref driver for pdfTeX
\Fld@listcount=\count140
)
Package hyperref Info: Option `unicode' set `true' on input line 62.

(/usr/share/texmf-texlive/tex/latex/hyperref/puenc.def
File: puenc.def 2009/10/09 v6.79a Hyperref: PDF Unicode definition (HO)
)
Package hyperref Info: Option `pdftoolbar' set `true' on input line 62.
Package hyperref Info: Option `pdfmenubar' set `true' on input line 62.
Package hyperref Info: Option `pdffitwindow' set `true' on input line 62.
Package hyperref Info: Option `pdfnewwindow' set `true' on input line 62.
Package hyperref Info: Option `colorlinks' set `true' on input line 62.

(/usr/share/texmf-texlive/tex/latex/listings/lstlang1.sty
File: lstlang1.sty 2004/09/05 1.3 listings language file
)
(/usr/share/texmf-texlive/tex/latex/listings/lstmisc.sty
File: lstmisc.sty 2007/02/22 1.4 (Carsten Heinz)
) (./templUoA.aux
LaTeX Font Info:    Try loading font information for LGR+cmr on input line 14.

(/usr/share/texmf-texlive/tex/latex/cbfonts/lgrcmr.fd
File: lgrcmr.fd 2008/01/04 v1.0 Greek Computer Modern
))
\openout1 = `templUoA.aux'.

LaTeX Font Info:    Checking defaults for OML/cmm/m/it on input line 95.
LaTeX Font Info:    ... okay on input line 95.
LaTeX Font Info:    Checking defaults for T1/cmr/m/n on input line 95.
LaTeX Font Info:    ... okay on input line 95.
LaTeX Font Info:    Checking defaults for OT1/cmr/m/n on input line 95.
LaTeX Font Info:    ... okay on input line 95.
LaTeX Font Info:    Checking defaults for OMS/cmsy/m/n on input line 95.
LaTeX Font Info:    ... okay on input line 95.
LaTeX Font Info:    Checking defaults for OMX/cmex/m/n on input line 95.
LaTeX Font Info:    ... okay on input line 95.
LaTeX Font Info:    Checking defaults for U/cmr/m/n on input line 95.
LaTeX Font Info:    ... okay on input line 95.
LaTeX Font Info:    Checking defaults for LGR/cmr/m/n on input line 95.
LaTeX Font Info:    ... okay on input line 95.
LaTeX Font Info:    Checking defaults for PD1/pdf/m/n on input line 95.
LaTeX Font Info:    ... okay on input line 95.
LaTeX Font Info:    Checking defaults for PU/pdf/m/n on input line 95.
LaTeX Font Info:    ... okay on input line 95.
LaTeX Font Info:    Try loading font information for OT1+mak on input line 95.

(/usr/share/texmf-texlive/tex/latex/kerkis/ot1mak.fd)
LaTeX Font Info:    Font shape `OT1/mak/m/n' will be
(Font)              scaled to size 10.79993pt on input line 95.
LaTeX Font Info:    Try loading font information for LGR+mak on input line 95.

(/usr/share/texmf-texlive/tex/latex/kerkis/lgrmak.fd)
LaTeX Font Info:    Font shape `LGR/mak/m/n' will be
(Font)              scaled to size 10.79993pt on input line 95.

(/usr/share/texmf-texlive/tex/context/base/supp-pdf.mkii
[Loading MPS to PDF converter (version 2006.09.02).]
\scratchcounter=\count141
\scratchdimen=\dimen144
\scratchbox=\box38
\nofMPsegments=\count142
\nofMParguments=\count143
\everyMPshowfont=\toks37
\MPscratchCnt=\count144
\MPscratchDim=\dimen145
\MPnumerator=\count145
\everyMPtoPDFconversion=\toks38
)
\c@lstlisting=\count146

*geometry auto-detecting driver*
*geometry detected driver: pdftex*
-------------------- Geometry parameters
paper: class default
landscape: --
twocolumn: --
twoside: true
asymmetric: --
h-parts: 56.9055pt, 486.25763pt, 56.9055pt
v-parts: 92.47145pt, 610.02708pt, 92.47145pt
hmarginratio: --
vmarginratio: --
lines: --
heightrounded: --
bindingoffset: 14.22636pt
truedimen: --
includehead: --
includefoot: --
includemp: --
driver: pdftex
-------------------- Page layout dimensions and switches
\paperwidth  614.295pt
\paperheight 794.96999pt
\textwidth  486.25763pt
\textheight 610.02708pt
\oddsidemargin  -1.13812pt
\evensidemargin -15.36449pt
\topmargin  -40.36447pt
\headheight 35.56593pt
\headsep    25.0pt
\footskip   35.56593pt
\marginparwidth 95.0pt
\marginparsep   10.0pt
\columnsep  10.0pt
\skip\footins  10.8pt plus 4.0pt minus 2.0pt
\hoffset 0.0pt
\voffset 0.0pt
\mag 1000
\@twosidetrue \@mparswitchtrue 
(1in=72.27pt, 1cm=28.45pt)
-----------------------
Package hyperref Info: Link coloring ON on input line 95.
(/usr/share/texmf-texlive/tex/latex/hyperref/nameref.sty
Package: nameref 2007/05/29 v2.31 Cross-referencing by name of section

(/usr/share/texmf-texlive/tex/latex/oberdiek/refcount.sty
Package: refcount 2008/08/11 v3.1 Data extraction from references (HO)
)
\c@section@level=\count147
)
LaTeX Info: Redefining \ref on input line 95.
LaTeX Info: Redefining \pageref on input line 95.
 (./templUoA.out)
(./templUoA.out)
\@outlinefile=\write3
\openout3 = `templUoA.out'.

\AtBeginShipoutBox=\box39
 <images/logo3.jpg, id=31, 302.12875pt x 477.785pt>
File: images/logo3.jpg Graphic file (type jpg)

<use images/logo3.jpg>
LaTeX Font Info:    Font shape `LGR/mak/bx/n' will be
(Font)              scaled to size 10.79993pt on input line 109.
LaTeX Font Info:    Font shape `LGR/mak/m/n' will be
(Font)              scaled to size 12.59991pt on input line 109.
LaTeX Font Info:    Font shape `LGR/mak/bx/n' will be
(Font)              scaled to size 12.59991pt on input line 109.
LaTeX Font Info:    Font shape `LGR/mak/m/n' will be
(Font)              scaled to size 14.3999pt on input line 123.
LaTeX Font Info:    Font shape `LGR/mak/bx/n' will be
(Font)              scaled to size 14.3999pt on input line 123.
LaTeX Font Info:    Try loading font information for U+msa on input line 135.
 (/usr/share/texmf-texlive/tex/latex/amsfonts/umsa.fd
File: umsa.fd 2009/06/22 v3.00 AMS symbols A
)
LaTeX Font Info:    Try loading font information for U+msb on input line 135.

(/usr/share/texmf-texlive/tex/latex/amsfonts/umsb.fd
File: umsb.fd 2009/06/22 v3.00 AMS symbols B
) [1

{/var/lib/texmf/fonts/map/pdftex/updmap/pdftex.map} <./images/logo3.jpg>] [2

]
Underfull \hbox (badness 10000) in paragraph at lines 177--180

 []


Overfull \hbox (17.62482pt too wide) in paragraph at lines 156--185
[]$[]$ 
 []

[3] [4

]
LaTeX Font Info:    Font shape `LGR/mak/m/n' will be
(Font)              scaled to size 22.39185pt on input line 190.
LaTeX Font Info:    Font shape `LGR/mak/bx/n' will be
(Font)              scaled to size 22.39185pt on input line 190.

Underfull \hbox (badness 10000) in paragraph at lines 195--198

 []


Underfull \hbox (badness 10000) in paragraph at lines 195--198

 []


Underfull \hbox (badness 10000) in paragraph at lines 195--198

 []


Underfull \hbox (badness 10000) in paragraph at lines 195--198

 []


Underfull \hbox (badness 10000) in paragraph at lines 195--198

 []


Underfull \hbox (badness 10000) in paragraph at lines 195--198

 []


Underfull \hbox (badness 10000) in paragraph at lines 195--198

 []


Underfull \hbox (badness 10000) in paragraph at lines 195--198

 []


Underfull \hbox (badness 10000) in paragraph at lines 195--198

 []


Underfull \hbox (badness 10000) in paragraph at lines 195--198

 []


Underfull \hbox (badness 10000) in paragraph at lines 195--198

 []


Underfull \hbox (badness 10000) in paragraph at lines 195--198

 []

[5] [6

]
LaTeX Font Info:    Font shape `OT1/mak/bx/n' will be
(Font)              scaled to size 22.39185pt on input line 204.
LaTeX Font Info:    Font shape `OT1/mak/bx/n' will be
(Font)              scaled to size 10.79993pt on input line 209.

Underfull \hbox (badness 10000) in paragraph at lines 209--212

 []


Underfull \hbox (badness 10000) in paragraph at lines 209--212

 []


Underfull \hbox (badness 10000) in paragraph at lines 209--212

 []


Underfull \hbox (badness 10000) in paragraph at lines 209--212

 []


Underfull \hbox (badness 10000) in paragraph at lines 209--212

 []


Underfull \hbox (badness 10000) in paragraph at lines 209--212

 []


Underfull \hbox (badness 10000) in paragraph at lines 209--212

 []


Underfull \hbox (badness 10000) in paragraph at lines 209--212

 []


Underfull \hbox (badness 10000) in paragraph at lines 209--212

 []


Underfull \hbox (badness 10000) in paragraph at lines 209--212

 []


Underfull \hbox (badness 10000) in paragraph at lines 209--212

 []


Underfull \hbox (badness 10000) in paragraph at lines 209--212

 []

[7

] [8

]
LaTeX Font Info:    Font shape `LGR/mak/m/it' will be
(Font)              scaled to size 10.79993pt on input line 220.

Overfull \hbox (17.62482pt too wide) in paragraph at lines 217--222
[]$[]$ 
 []

[9] [10

] [11

] [12

] (./templUoA.toc)
\tf@toc=\write4
\openout4 = `templUoA.toc'.

 [13] [14

] (./templUoA.lof)
\tf@lof=\write5
\openout5 = `templUoA.lof'.

 [15] [16

]
(./templUoA.lot)
\tf@lot=\write6
\openout6 = `templUoA.lot'.

 [17] [18

] (./templUoA.loa)
\tf@loa=\write7
\openout7 = `templUoA.loa'.

 [19

] [20


] [21] [22

]
Kef'alaio 1.
[23

] [24

]
Kef'alaio 2.
[25] [26


]
Kef'alaio 3.
[27] [28

]
Underfull \vbox (badness 10000) detected at line 328
 []

[29

] [30

]
Underfull \vbox (badness 10000) detected at line 392
 []

[31

] [32

] [33] (./templUoA.aux) ) 
Here is how much of TeX's memory you used:
 9742 strings out of 493848
 131426 string characters out of 1152822
 231280 words of memory out of 3000000
 12766 multiletter control sequences out of 15000+50000
 21530 words of font info for 53 fonts, out of 3000000 for 9000
 714 hyphenation exceptions out of 8191
 38i,11n,49p,350b,354s stack positions out of 5000i,500n,10000p,200000b,50000s
{/usr/share/texmf-texlive/fonts/enc/dvips/kerkis/gpker
kis.enc}{/usr/share/texmf-texlive/fonts/enc/dvips/kerkis/kerkis.enc}</usr/share
/texmf-texlive/fonts/type1/public/kerkis/Kerkis-Bold.pfb></usr/share/texmf-texl
ive/fonts/type1/public/kerkis/Kerkis-Italic.pfb></usr/share/texmf-texlive/fonts
/type1/public/kerkis/Kerkis.pfb>
Output written on templUoA.pdf (33 pages, 163034 bytes).
PDF statistics:
 221 PDF objects out of 1000 (max. 8388607)
 51 named destinations out of 1000 (max. 500000)
 62 words of extra memory for PDF output out of 10000 (max. 10000000)

