
  Metis algoritm is trying to find communities...
Metis algoritm  ***found 100 clusters***
 discovery runTime: 502
      0 unclustered Users
      found 100 communities
      max comminity size = 21
      min comminity size = 17
      average comminity size = 18.92
     
     Total clustering scheme compactness = 0.38951838
     Compactness of all centroids = 0.20656942
    clusterer quality = 1.8856536



  Metis algoritm is trying to find communities...
Metis algoritm  ***found 100 clusters***
 discovery runTime: 150
      0 unclustered Users
      found 100 communities
      max comminity size = 17
      min comminity size = 11
      average comminity size = 13.88
     
     Total clustering scheme compactness = 0.6389503
     Compactness of all centroids = 0.13107067
    clusterer quality = 4.874853


