#
# There is insufficient memory for the Java Runtime Environment to continue.
# Native memory allocation (malloc) failed to allocate 3845128192 bytes for committing reserved memory.
# Possible reasons:
#   The system is out of physical RAM or swap space
#   In 32 bit mode, the process size limit was hit
# Possible solutions:
#   Reduce memory load on the system
#   Increase physical memory or swap space
#   Check if swap backing store is full
#   Use 64 bit Java on a 64 bit OS
#   Decrease Java heap size (-Xmx/-Xms)
#   Decrease number of Java threads
#   Decrease Java thread stack sizes (-Xss)
#   Set larger code cache with -XX:ReservedCodeCacheSize=
# This output file may be truncated or incomplete.
#
#  Out of Memory Error (os_linux.cpp:2718), pid=12600, tid=140092706662144
#
# JRE version:  (7.0_45-b18) (build )
# Java VM: Java HotSpot(TM) 64-Bit Server VM (24.45-b08 mixed mode linux-amd64 compressed oops)
# Failed to write core dump. Core dumps have been disabled. To enable core dumping, try "ulimit -c unlimited" before starting Java again
#

---------------  T H R E A D  ---------------

Current thread (0x0000000002041000):  JavaThread "Unknown thread" [_thread_in_vm, id=12605, stack(0x00007f69dff42000,0x00007f69e0043000)]

Stack: [0x00007f69dff42000,0x00007f69e0043000],  sp=0x00007f69e00411e0,  free space=1020k
Native frames: (J=compiled Java code, j=interpreted, Vv=VM code, C=native code)
V  [libjvm.so+0x992c8a]  VMError::report_and_die()+0x2ea
V  [libjvm.so+0x49319b]  report_vm_out_of_memory(char const*, int, unsigned long, char const*)+0x9b
V  [libjvm.so+0x81310e]  os::Linux::commit_memory_impl(char*, unsigned long, bool)+0xfe
V  [libjvm.so+0x8135bf]  os::Linux::commit_memory_impl(char*, unsigned long, unsigned long, bool)+0x4f
V  [libjvm.so+0x81377c]  os::pd_commit_memory(char*, unsigned long, unsigned long, bool)+0xc
V  [libjvm.so+0x80d86a]  os::commit_memory(char*, unsigned long, unsigned long, bool)+0x2a
V  [libjvm.so+0x87fa33]  PSVirtualSpace::expand_by(unsigned long)+0x53
V  [libjvm.so+0x86e853]  PSOldGen::initialize(ReservedSpace, unsigned long, char const*, int)+0x103
V  [libjvm.so+0x299033]  AdjoiningGenerations::AdjoiningGenerations(ReservedSpace, unsigned long, unsigned long, unsigned long, unsigned long, unsigned long, unsigned long, unsigned long)+0x3e3
V  [libjvm.so+0x833f40]  ParallelScavengeHeap::initialize()+0x550
V  [libjvm.so+0x96625a]  Universe::initialize_heap()+0xca
V  [libjvm.so+0x967429]  universe_init()+0x79
V  [libjvm.so+0x5a9645]  init_globals()+0x65
V  [libjvm.so+0x94ed1d]  Threads::create_vm(JavaVMInitArgs*, bool*)+0x1ed
V  [libjvm.so+0x630804]  JNI_CreateJavaVM+0x74
C  [libjli.so+0x2f8e]  JavaMain+0x9e


---------------  P R O C E S S  ---------------

Java Threads: ( => current thread )

Other Threads:

=>0x0000000002041000 (exited) JavaThread "Unknown thread" [_thread_in_vm, id=12605, stack(0x00007f69dff42000,0x00007f69e0043000)]

VM state:not at safepoint (not fully initialized)

VM Mutex/Monitor currently owned by a thread: None

GC Heap History (0 events):
No events

Deoptimization events (0 events):
No events

Internal exceptions (0 events):
No events

Events (0 events):
No events


Dynamic libraries:
00400000-00401000 r-xp 00000000 08:05 26740900                           /home/dubdub/jdk1.7.0_45/bin/java
00600000-00601000 rw-p 00000000 08:05 26740900                           /home/dubdub/jdk1.7.0_45/bin/java
02035000-02078000 rw-p 00000000 00:00 0                                  [heap]
6a3180000-6a8380000 rw-p 00000000 00:00 0 
78d680000-800000000 rw-p 00000000 00:00 0 
7f69d9593000-7f69d97d8000 rw-p 00000000 00:00 0 
7f69d97d8000-7f69d9f2a000 rw-p 00000000 00:00 0 
7f69d9f2a000-7f69da2c0000 rw-p 00000000 00:00 0 
7f69da2c0000-7f69da530000 rwxp 00000000 00:00 0 
7f69da530000-7f69dd2c0000 rw-p 00000000 00:00 0 
7f69dd2c0000-7f69dd2da000 r-xp 00000000 08:05 26740669                   /home/dubdub/jdk1.7.0_45/jre/lib/amd64/libzip.so
7f69dd2da000-7f69dd4da000 ---p 0001a000 08:05 26740669                   /home/dubdub/jdk1.7.0_45/jre/lib/amd64/libzip.so
7f69dd4da000-7f69dd4db000 rw-p 0001a000 08:05 26740669                   /home/dubdub/jdk1.7.0_45/jre/lib/amd64/libzip.so
7f69dd4e0000-7f69dd4eb000 r-xp 00000000 08:05 27657175                   /lib/x86_64-linux-gnu/libnss_files-2.13.so
7f69dd4eb000-7f69dd6ea000 ---p 0000b000 08:05 27657175                   /lib/x86_64-linux-gnu/libnss_files-2.13.so
7f69dd6ea000-7f69dd6eb000 r--p 0000a000 08:05 27657175                   /lib/x86_64-linux-gnu/libnss_files-2.13.so
7f69dd6eb000-7f69dd6ec000 rw-p 0000b000 08:05 27657175                   /lib/x86_64-linux-gnu/libnss_files-2.13.so
7f69dd6f0000-7f69dd6fa000 r-xp 00000000 08:05 27657179                   /lib/x86_64-linux-gnu/libnss_nis-2.13.so
7f69dd6fa000-7f69dd8f9000 ---p 0000a000 08:05 27657179                   /lib/x86_64-linux-gnu/libnss_nis-2.13.so
7f69dd8f9000-7f69dd8fa000 r--p 00009000 08:05 27657179                   /lib/x86_64-linux-gnu/libnss_nis-2.13.so
7f69dd8fa000-7f69dd8fb000 rw-p 0000a000 08:05 27657179                   /lib/x86_64-linux-gnu/libnss_nis-2.13.so
7f69dd900000-7f69dd915000 r-xp 00000000 08:05 27657169                   /lib/x86_64-linux-gnu/libnsl-2.13.so
7f69dd915000-7f69ddb14000 ---p 00015000 08:05 27657169                   /lib/x86_64-linux-gnu/libnsl-2.13.so
7f69ddb14000-7f69ddb15000 r--p 00014000 08:05 27657169                   /lib/x86_64-linux-gnu/libnsl-2.13.so
7f69ddb15000-7f69ddb16000 rw-p 00015000 08:05 27657169                   /lib/x86_64-linux-gnu/libnsl-2.13.so
7f69ddb16000-7f69ddb18000 rw-p 00000000 00:00 0 
7f69ddb18000-7f69ddb1f000 r-xp 00000000 08:05 27657171                   /lib/x86_64-linux-gnu/libnss_compat-2.13.so
7f69ddb1f000-7f69ddd1e000 ---p 00007000 08:05 27657171                   /lib/x86_64-linux-gnu/libnss_compat-2.13.so
7f69ddd1e000-7f69ddd1f000 r--p 00006000 08:05 27657171                   /lib/x86_64-linux-gnu/libnss_compat-2.13.so
7f69ddd1f000-7f69ddd20000 rw-p 00007000 08:05 27657171                   /lib/x86_64-linux-gnu/libnss_compat-2.13.so
7f69ddd20000-7f69ddd49000 r-xp 00000000 08:05 26740604                   /home/dubdub/jdk1.7.0_45/jre/lib/amd64/libjava.so
7f69ddd49000-7f69ddf49000 ---p 00029000 08:05 26740604                   /home/dubdub/jdk1.7.0_45/jre/lib/amd64/libjava.so
7f69ddf49000-7f69ddf4b000 rw-p 00029000 08:05 26740604                   /home/dubdub/jdk1.7.0_45/jre/lib/amd64/libjava.so
7f69ddf50000-7f69ddf5d000 r-xp 00000000 08:05 26740469                   /home/dubdub/jdk1.7.0_45/jre/lib/amd64/libverify.so
7f69ddf5d000-7f69de15c000 ---p 0000d000 08:05 26740469                   /home/dubdub/jdk1.7.0_45/jre/lib/amd64/libverify.so
7f69de15c000-7f69de15e000 rw-p 0000c000 08:05 26740469                   /home/dubdub/jdk1.7.0_45/jre/lib/amd64/libverify.so
7f69de160000-7f69de167000 r-xp 00000000 08:05 27657212                   /lib/x86_64-linux-gnu/librt-2.13.so
7f69de167000-7f69de366000 ---p 00007000 08:05 27657212                   /lib/x86_64-linux-gnu/librt-2.13.so
7f69de366000-7f69de367000 r--p 00006000 08:05 27657212                   /lib/x86_64-linux-gnu/librt-2.13.so
7f69de367000-7f69de368000 rw-p 00007000 08:05 27657212                   /lib/x86_64-linux-gnu/librt-2.13.so
7f69de368000-7f69de3e9000 r-xp 00000000 08:05 27657156                   /lib/x86_64-linux-gnu/libm-2.13.so
7f69de3e9000-7f69de5e8000 ---p 00081000 08:05 27657156                   /lib/x86_64-linux-gnu/libm-2.13.so
7f69de5e8000-7f69de5e9000 r--p 00080000 08:05 27657156                   /lib/x86_64-linux-gnu/libm-2.13.so
7f69de5e9000-7f69de5ea000 rw-p 00081000 08:05 27657156                   /lib/x86_64-linux-gnu/libm-2.13.so
7f69de5f0000-7f69df152000 r-xp 00000000 08:05 26740231                   /home/dubdub/jdk1.7.0_45/jre/lib/amd64/server/libjvm.so
7f69df152000-7f69df352000 ---p 00b62000 08:05 26740231                   /home/dubdub/jdk1.7.0_45/jre/lib/amd64/server/libjvm.so
7f69df352000-7f69df415000 rw-p 00b62000 08:05 26740231                   /home/dubdub/jdk1.7.0_45/jre/lib/amd64/server/libjvm.so
7f69df415000-7f69df456000 rw-p 00000000 00:00 0 
7f69df458000-7f69df5d8000 r-xp 00000000 08:05 27657111                   /lib/x86_64-linux-gnu/libc-2.13.so
7f69df5d8000-7f69df7d8000 ---p 00180000 08:05 27657111                   /lib/x86_64-linux-gnu/libc-2.13.so
7f69df7d8000-7f69df7dc000 r--p 00180000 08:05 27657111                   /lib/x86_64-linux-gnu/libc-2.13.so
7f69df7dc000-7f69df7dd000 rw-p 00184000 08:05 27657111                   /lib/x86_64-linux-gnu/libc-2.13.so
7f69df7dd000-7f69df7e2000 rw-p 00000000 00:00 0 
7f69df7e8000-7f69df7ea000 r-xp 00000000 08:05 27657125                   /lib/x86_64-linux-gnu/libdl-2.13.so
7f69df7ea000-7f69df9ea000 ---p 00002000 08:05 27657125                   /lib/x86_64-linux-gnu/libdl-2.13.so
7f69df9ea000-7f69df9eb000 r--p 00002000 08:05 27657125                   /lib/x86_64-linux-gnu/libdl-2.13.so
7f69df9eb000-7f69df9ec000 rw-p 00003000 08:05 27657125                   /lib/x86_64-linux-gnu/libdl-2.13.so
7f69df9f0000-7f69dfa06000 r-xp 00000000 08:05 26740677                   /home/dubdub/jdk1.7.0_45/lib/amd64/jli/libjli.so
7f69dfa06000-7f69dfc06000 ---p 00016000 08:05 26740677                   /home/dubdub/jdk1.7.0_45/lib/amd64/jli/libjli.so
7f69dfc06000-7f69dfc07000 rw-p 00016000 08:05 26740677                   /home/dubdub/jdk1.7.0_45/lib/amd64/jli/libjli.so
7f69dfc08000-7f69dfc1f000 r-xp 00000000 08:05 27657204                   /lib/x86_64-linux-gnu/libpthread-2.13.so
7f69dfc1f000-7f69dfe1e000 ---p 00017000 08:05 27657204                   /lib/x86_64-linux-gnu/libpthread-2.13.so
7f69dfe1e000-7f69dfe1f000 r--p 00016000 08:05 27657204                   /lib/x86_64-linux-gnu/libpthread-2.13.so
7f69dfe1f000-7f69dfe20000 rw-p 00017000 08:05 27657204                   /lib/x86_64-linux-gnu/libpthread-2.13.so
7f69dfe20000-7f69dfe24000 rw-p 00000000 00:00 0 
7f69dfe28000-7f69dfe48000 r-xp 00000000 08:05 27657091                   /lib/x86_64-linux-gnu/ld-2.13.so
7f69dfe76000-7f69dfe82000 rw-p 00000000 00:00 0 
7f69dfe82000-7f69dff38000 rw-p 00000000 00:00 0 
7f69dff38000-7f69dff40000 rw-s 00000000 08:05 12190289                   /tmp/hsperfdata_dubdub/12600
7f69dff40000-7f69dff41000 rw-p 00000000 00:00 0 
7f69dff41000-7f69dff42000 r--p 00000000 00:00 0 
7f69dff42000-7f69dff45000 ---p 00000000 00:00 0 
7f69dff45000-7f69e0047000 rw-p 00000000 00:00 0 
7f69e0047000-7f69e0048000 r--p 0001f000 08:05 27657091                   /lib/x86_64-linux-gnu/ld-2.13.so
7f69e0048000-7f69e0049000 rw-p 00020000 08:05 27657091                   /lib/x86_64-linux-gnu/ld-2.13.so
7f69e0049000-7f69e004c000 rw-p 00000000 00:00 0 
7fff6c67f000-7fff6c6a0000 rw-p 00000000 00:00 0                          [stack]
7fff6c768000-7fff6c769000 r-xp 00000000 00:00 0                          [vdso]
ffffffffff600000-ffffffffff601000 r-xp 00000000 00:00 0                  [vsyscall]

VM Arguments:
jvm_args: -Dfile.encoding=UTF-8 -Xms5500m 
java_command: socialpserver.SocialPServer
Launcher Type: SUN_STANDARD

Environment Variables:
PATH=/home/dubdub/bin:/usr/sbin:/sbin:/usr/local/bin:/usr/bin:/bin:/usr/local/games:/usr/games
LD_LIBRARY_PATH=/home/dubdub/jdk1.7.0_45/jre/lib/amd64:/home/dubdub/jdk1.7.0_45/jre/lib/i386:
SHELL=/bin/bash
DISPLAY=:0.0

Signal Handlers:
SIGSEGV: [libjvm.so+0x9935b0], sa_mask[0]=0x7ffbfeff, sa_flags=0x10000004
SIGBUS: [libjvm.so+0x9935b0], sa_mask[0]=0x7ffbfeff, sa_flags=0x10000004
SIGFPE: [libjvm.so+0x810330], sa_mask[0]=0x7ffbfeff, sa_flags=0x10000004
SIGPIPE: [libjvm.so+0x810330], sa_mask[0]=0x7ffbfeff, sa_flags=0x10000004
SIGXFSZ: [libjvm.so+0x810330], sa_mask[0]=0x7ffbfeff, sa_flags=0x10000004
SIGILL: [libjvm.so+0x810330], sa_mask[0]=0x7ffbfeff, sa_flags=0x10000004
SIGUSR1: SIG_DFL, sa_mask[0]=0x00000000, sa_flags=0x00000000
SIGUSR2: [libjvm.so+0x811820], sa_mask[0]=0x00000004, sa_flags=0x10000004
SIGHUP: SIG_DFL, sa_mask[0]=0x00000000, sa_flags=0x00000000
SIGINT: SIG_IGN, sa_mask[0]=0x00000000, sa_flags=0x00000000
SIGTERM: SIG_DFL, sa_mask[0]=0x00000000, sa_flags=0x00000000
SIGQUIT: SIG_DFL, sa_mask[0]=0x00000000, sa_flags=0x00000000


---------------  S Y S T E M  ---------------

OS:7.3

uname:Linux 3.2.0-4-amd64 #1 SMP Debian 3.2.51-1 x86_64
libc:glibc 2.13 NPTL 2.13 
rlimit: STACK 8192k, CORE 0k, NPROC 30334, NOFILE 4096, AS infinity
load average:0.72 1.04 1.85

/proc/meminfo:
MemTotal:        3961268 kB
MemFree:           95532 kB
Buffers:            3772 kB
Cached:            90080 kB
SwapCached:       265084 kB
Active:          2876960 kB
Inactive:         842012 kB
Active(anon):    2841952 kB
Inactive(anon):   792328 kB
Active(file):      35008 kB
Inactive(file):    49684 kB
Unevictable:           0 kB
Mlocked:               0 kB
SwapTotal:       4093948 kB
SwapFree:        1618680 kB
Dirty:                 8 kB
Writeback:          1548 kB
AnonPages:       3618424 kB
Mapped:            35080 kB
Shmem:              9312 kB
Slab:              47804 kB
SReclaimable:      19904 kB
SUnreclaim:        27900 kB
KernelStack:        2976 kB
PageTables:        32000 kB
NFS_Unstable:          0 kB
Bounce:                0 kB
WritebackTmp:          0 kB
CommitLimit:     6074580 kB
Committed_AS:   13643076 kB
VmallocTotal:   34359738367 kB
VmallocUsed:      327036 kB
VmallocChunk:   34359383191 kB
HardwareCorrupted:     0 kB
AnonHugePages:         0 kB
HugePages_Total:       0
HugePages_Free:        0
HugePages_Rsvd:        0
HugePages_Surp:        0
Hugepagesize:       2048 kB
DirectMap4k:      210940 kB
DirectMap2M:     2877440 kB
DirectMap1G:     1048576 kB


CPU:total 6 (6 cores per cpu, 1 threads per core) family 21 model 2 stepping 0, cmov, cx8, fxsr, mmx, sse, sse2, sse3, ssse3, sse4.1, sse4.2, popcnt, avx, aes, mmxext, 3dnowpref, lzcnt, sse4a, tsc, tscinvbit, tscinv

/proc/cpuinfo:
processor	: 0
vendor_id	: AuthenticAMD
cpu family	: 21
model		: 2
model name	: AMD FX(tm)-6300 Six-Core Processor             
stepping	: 0
microcode	: 0x600081f
cpu MHz		: 3511.890
cache size	: 2048 KB
physical id	: 0
siblings	: 6
core id		: 0
cpu cores	: 3
apicid		: 16
initial apicid	: 0
fpu		: yes
fpu_exception	: yes
cpuid level	: 13
wp		: yes
flags		: fpu vme de pse tsc msr pae mce cx8 apic sep mtrr pge mca cmov pat pse36 clflush mmx fxsr sse sse2 ht syscall nx mmxext fxsr_opt pdpe1gb rdtscp lm constant_tsc rep_good nopl nonstop_tsc extd_apicid aperfmperf pni pclmulqdq monitor ssse3 fma cx16 sse4_1 sse4_2 popcnt aes xsave avx f16c lahf_lm cmp_legacy svm extapic cr8_legacy abm sse4a misalignsse 3dnowprefetch osvw ibs xop skinit wdt lwp fma4 nodeid_msr tbm topoext perfctr_core arat cpb hw_pstate npt lbrv svm_lock nrip_save tsc_scale vmcb_clean flushbyasid decodeassists pausefilter pfthreshold
bogomips	: 7023.78
TLB size	: 1536 4K pages
clflush size	: 64
cache_alignment	: 64
address sizes	: 48 bits physical, 48 bits virtual
power management: ts ttp tm 100mhzsteps hwpstate [9] [10]

processor	: 1
vendor_id	: AuthenticAMD
cpu family	: 21
model		: 2
model name	: AMD FX(tm)-6300 Six-Core Processor             
stepping	: 0
microcode	: 0x600081f
cpu MHz		: 3511.890
cache size	: 2048 KB
physical id	: 0
siblings	: 6
core id		: 1
cpu cores	: 3
apicid		: 17
initial apicid	: 1
fpu		: yes
fpu_exception	: yes
cpuid level	: 13
wp		: yes
flags		: fpu vme de pse tsc msr pae mce cx8 apic sep mtrr pge mca cmov pat pse36 clflush mmx fxsr sse sse2 ht syscall nx mmxext fxsr_opt pdpe1gb rdtscp lm constant_tsc rep_good nopl nonstop_tsc extd_apicid aperfmperf pni pclmulqdq monitor ssse3 fma cx16 sse4_1 sse4_2 popcnt aes xsave avx f16c lahf_lm cmp_legacy svm extapic cr8_legacy abm sse4a misalignsse 3dnowprefetch osvw ibs xop skinit wdt lwp fma4 nodeid_msr tbm topoext perfctr_core arat cpb hw_pstate npt lbrv svm_lock nrip_save tsc_scale vmcb_clean flushbyasid decodeassists pausefilter pfthreshold
bogomips	: 7023.44
TLB size	: 1536 4K pages
clflush size	: 64
cache_alignment	: 64
address sizes	: 48 bits physical, 48 bits virtual
power management: ts ttp tm 100mhzsteps hwpstate [9] [10]

processor	: 2
vendor_id	: AuthenticAMD
cpu family	: 21
model		: 2
model name	: AMD FX(tm)-6300 Six-Core Processor             
stepping	: 0
microcode	: 0x600081f
cpu MHz		: 3511.890
cache size	: 2048 KB
physical id	: 0
siblings	: 6
core id		: 2
cpu cores	: 3
apicid		: 18
initial apicid	: 2
fpu		: yes
fpu_exception	: yes
cpuid level	: 13
wp		: yes
flags		: fpu vme de pse tsc msr pae mce cx8 apic sep mtrr pge mca cmov pat pse36 clflush mmx fxsr sse sse2 ht syscall nx mmxext fxsr_opt pdpe1gb rdtscp lm constant_tsc rep_good nopl nonstop_tsc extd_apicid aperfmperf pni pclmulqdq monitor ssse3 fma cx16 sse4_1 sse4_2 popcnt aes xsave avx f16c lahf_lm cmp_legacy svm extapic cr8_legacy abm sse4a misalignsse 3dnowprefetch osvw ibs xop skinit wdt lwp fma4 nodeid_msr tbm topoext perfctr_core arat cpb hw_pstate npt lbrv svm_lock nrip_save tsc_scale vmcb_clean flushbyasid decodeassists pausefilter pfthreshold
bogomips	: 7023.48
TLB size	: 1536 4K pages
clflush size	: 64
cache_alignment	: 64
address sizes	: 48 bits physical, 48 bits virtual
power management: ts ttp tm 100mhzsteps hwpstate [9] [10]

processor	: 3
vendor_id	: AuthenticAMD
cpu family	: 21
model		: 2
model name	: AMD FX(tm)-6300 Six-Core Processor             
stepping	: 0
microcode	: 0x600081f
cpu MHz		: 3511.890
cache size	: 2048 KB
physical id	: 0
siblings	: 6
core id		: 3
cpu cores	: 3
apicid		: 19
initial apicid	: 3
fpu		: yes
fpu_exception	: yes
cpuid level	: 13
wp		: yes
flags		: fpu vme de pse tsc msr pae mce cx8 apic sep mtrr pge mca cmov pat pse36 clflush mmx fxsr sse sse2 ht syscall nx mmxext fxsr_opt pdpe1gb rdtscp lm constant_tsc rep_good nopl nonstop_tsc extd_apicid aperfmperf pni pclmulqdq monitor ssse3 fma cx16 sse4_1 sse4_2 popcnt aes xsave avx f16c lahf_lm cmp_legacy svm extapic cr8_legacy abm sse4a misalignsse 3dnowprefetch osvw ibs xop skinit wdt lwp fma4 nodeid_msr tbm topoext perfctr_core arat cpb hw_pstate npt lbrv svm_lock nrip_save tsc_scale vmcb_clean flushbyasid decodeassists pausefilter pfthreshold
bogomips	: 7023.48
TLB size	: 1536 4K pages
clflush size	: 64
cache_alignment	: 64
address sizes	: 48 bits physical, 48 bits virtual
power management: ts ttp tm 100mhzsteps hwpstate [9] [10]

processor	: 4
vendor_id	: AuthenticAMD
cpu family	: 21
model		: 2
model name	: AMD FX(tm)-6300 Six-Core Processor             
stepping	: 0
microcode	: 0x600081f
cpu MHz		: 3511.890
cache size	: 2048 KB
physical id	: 0
siblings	: 6
core id		: 4
cpu cores	: 3
apicid		: 20
initial apicid	: 4
fpu		: yes
fpu_exception	: yes
cpuid level	: 13
wp		: yes
flags		: fpu vme de pse tsc msr pae mce cx8 apic sep mtrr pge mca cmov pat pse36 clflush mmx fxsr sse sse2 ht syscall nx mmxext fxsr_opt pdpe1gb rdtscp lm constant_tsc rep_good nopl nonstop_tsc extd_apicid aperfmperf pni pclmulqdq monitor ssse3 fma cx16 sse4_1 sse4_2 popcnt aes xsave avx f16c lahf_lm cmp_legacy svm extapic cr8_legacy abm sse4a misalignsse 3dnowprefetch osvw ibs xop skinit wdt lwp fma4 nodeid_msr tbm topoext perfctr_core arat cpb hw_pstate npt lbrv svm_lock nrip_save tsc_scale vmcb_clean flushbyasid decodeassists pausefilter pfthreshold
bogomips	: 7023.49
TLB size	: 1536 4K pages
clflush size	: 64
cache_alignment	: 64
address sizes	: 48 bits physical, 48 bits virtual
power management: ts ttp tm 100mhzsteps hwpstate [9] [10]

processor	: 5
vendor_id	: AuthenticAMD
cpu family	: 21
model		: 2
model name	: AMD FX(tm)-6300 Six-Core Processor             
stepping	: 0
microcode	: 0x600081f
cpu MHz		: 3511.890
cache size	: 2048 KB
physical id	: 0
siblings	: 6
core id		: 5
cpu cores	: 3
apicid		: 21
initial apicid	: 5
fpu		: yes
fpu_exception	: yes
cpuid level	: 13
wp		: yes
flags		: fpu vme de pse tsc msr pae mce cx8 apic sep mtrr pge mca cmov pat pse36 clflush mmx fxsr sse sse2 ht syscall nx mmxext fxsr_opt pdpe1gb rdtscp lm constant_tsc rep_good nopl nonstop_tsc extd_apicid aperfmperf pni pclmulqdq monitor ssse3 fma cx16 sse4_1 sse4_2 popcnt aes xsave avx f16c lahf_lm cmp_legacy svm extapic cr8_legacy abm sse4a misalignsse 3dnowprefetch osvw ibs xop skinit wdt lwp fma4 nodeid_msr tbm topoext perfctr_core arat cpb hw_pstate npt lbrv svm_lock nrip_save tsc_scale vmcb_clean flushbyasid decodeassists pausefilter pfthreshold
bogomips	: 7023.49
TLB size	: 1536 4K pages
clflush size	: 64
cache_alignment	: 64
address sizes	: 48 bits physical, 48 bits virtual
power management: ts ttp tm 100mhzsteps hwpstate [9] [10]



Memory: 4k page, physical 3961268k(95532k free), swap 4093948k(1618680k free)

vm_info: Java HotSpot(TM) 64-Bit Server VM (24.45-b08) for linux-amd64 JRE (1.7.0_45-b18), built on Oct  8 2013 05:44:25 by "java_re" with gcc 4.3.0 20080428 (Red Hat 4.3.0-8)

time: Mon Feb 10 03:47:43 2014
elapsed time: 1 seconds

