    loading User friendship from DB...
    filling Metis graph from given loader
    loading User friendship from DB...

  Metis algoritm is trying to find communities...
Metis algoritm  ***found 185 clusters***
 discovery runTime: 25361
      0 unclustered Users
      found 185 communities
      max comminity size = 14
      min comminity size = 1
      average comminity size = 10.227027
     
     Total clustering scheme compactness = 0.407896
     Compactness of all centroids = 0.17502284
    clusterer quality = 2.3305302


    deleting previous Communities from DB...
    inserting Communities to DB...
    deleting previous Centroids from DB...
    inserting Centroids to DB...
    removing Graph from RAM...
    loading User friendship from DB...
    filling Metis graph from given loader
    loading User friendship from DB...

  Metis algoritm is trying to find communities...
Metis algoritm  ***found 190 clusters***
 discovery runTime: 15510
      0 unclustered Users
      found 190 communities
      max comminity size = 9
      min comminity size = 2
      average comminity size = 7.305263
     
     Total clustering scheme compactness = 0.62781525
     Compactness of all centroids = 0.12779678
    clusterer quality = 4.912606


    deleting previous Communities from DB...
    inserting Communities to DB...
    deleting previous Centroids from DB...
    inserting Centroids to DB...
    removing Graph from RAM...
process finished *
