     
     Total clustering scheme compactness = 0.39119512
    inserting Centroids to DB...
    loading User friendship from DB...
    filling Weak Component graph from given loader
    loading User friendship from DB...

  WeakComponent algoritm is trying to find communities...
WeakComponent algoritm  ***found 20 clusters***
 discovery runTime: 82
      1843 unclustered Users
      found 19 communities
      max comminity size = 7
      min comminity size = 2
      average comminity size = 2.5789473
     
     Total clustering scheme compactness = 0.6528569
     Compactness of all centroids = 0.10850355
    clusterer quality = 6.016917


    deleting previous Communities from DB...
    inserting Communities to DB...
    deleting previous Centroids from DB...
    inserting Centroids to DB...
    removing Graph from RAM...
    loading User friendship from DB...
    filling Weak Component graph from given loader
    loading User friendship from DB...

  WeakComponent algoritm is trying to find communities...
WeakComponent algoritm  ***found 45 clusters***
 discovery runTime: 15
      1261 unclustered Users
      found 44 communities
      max comminity size = 10
      min comminity size = 2
      average comminity size = 2.8863637
     
     Total clustering scheme compactness = 0.7934453
     Compactness of all centroids = 0.043207377
    clusterer quality = 18.363653


    deleting previous Communities from DB...
    inserting Communities to DB...
    deleting previous Centroids from DB...
    inserting Centroids to DB...
    removing Graph from RAM...
process finished *
