\BOOKMARK [0][-]{chapter*.7}{\376\377\003\240\003\301\003\314\003\273\003\277\003\263\003\277\003\302}{}% 1
\BOOKMARK [0][-]{chapter.1}{\376\377\003\225\003\271\003\303\003\261\003\263\003\311\003\263\003\256}{}% 2
\BOOKMARK [1][-]{section.1.1}{\376\377\003\243\003\272\003\277\003\300\003\314\003\302\000\040\003\304\003\267\003\302\000\040\003\300\003\304\003\305\003\307\003\271\003\261\003\272\003\256\003\302\000\040\003\265\003\301\003\263\003\261\003\303\003\257\003\261\003\302}{chapter.1}% 3
\BOOKMARK [1][-]{section.1.2}{\376\377\000S\000m\000a\000r\000t\000p\000h\000o\000n\000e\000s\000\040\003\272\003\261\003\271\000\040\003\233\003\265\003\271\003\304\003\277\003\305\003\301\003\263\003\271\003\272\003\314\000\040\003\243\003\315\003\303\003\304\003\267\003\274\003\261\000\040\000A\000n\000d\000r\000o\000i\000d}{chapter.1}% 4
\BOOKMARK [2][-]{subsection.1.2.1}{\376\377\000S\000m\000a\000r\000t\000p\000h\000o\000n\000e\000s}{section.1.2}% 5
\BOOKMARK [2][-]{subsection.1.2.2}{\376\377\003\233\003\265\003\271\003\304\003\277\003\305\003\301\003\263\003\271\003\272\003\314\000\040\003\243\003\315\003\303\003\304\003\267\003\274\003\261\000\040\000A\000n\000d\000r\000o\000i\000d}{section.1.2}% 6
\BOOKMARK [3][-]{subsubsection.1.2.2.1}{\376\377\003\225\003\272\003\264\003\314\003\303\003\265\003\271\003\302\000\040\000A\000n\000d\000r\000o\000i\000d}{subsection.1.2.2}% 7
\BOOKMARK [3][-]{subsubsection.1.2.2.2}{\376\377\003\221\003\301\003\307\003\271\003\304\003\265\003\272\003\304\003\277\003\275\003\271\003\272\003\256\000\040\003\304\003\277\003\305\000\040\000A\000n\000d\000r\000o\000i\000d}{subsection.1.2.2}% 8
\BOOKMARK [3][-]{subsubsection.1.2.2.3}{\376\377\003\247\003\261\003\301\003\261\003\272\003\304\003\267\003\301\003\271\003\303\003\304\003\271\003\272\003\254\000\040\003\304\003\277\003\305\000\040\000A\000n\000d\000r\000o\000i\000d}{subsection.1.2.2}% 9
\BOOKMARK [1][-]{section.1.3}{\376\377\003\225\003\276\003\314\003\301\003\305\003\276\003\267\000\040\003\224\003\265\003\264\003\277\003\274\003\255\003\275\003\311\003\275\000\040\003\272\003\261\003\271\000\040\003\225\003\276\003\314\003\301\003\305\003\276\003\267\000\040\003\224\003\265\003\264\003\277\003\274\003\255\003\275\003\311\003\275\000\040\003\303\003\265\000\040\003\232\003\271\003\275\003\267\003\304\003\255\003\302\000\040\003\243\003\305\003\303\003\272\003\265\003\305\003\255\003\302}{chapter.1}% 10
\BOOKMARK [2][-]{subsection.1.3.1}{\376\377\003\225\003\276\003\314\003\301\003\305\003\276\003\267\000\040\003\224\003\265\003\264\003\277\003\274\003\255\003\275\003\311\003\275\000\040\000\050\000D\000a\000t\000a\000\040\000M\000i\000n\000i\000n\000g\000\051}{section.1.3}% 11
\BOOKMARK [3][-]{subsubsection.1.3.1.1}{\376\377\003\234\003\255\003\270\003\277\003\264\003\277\003\271\000\040\003\225\003\276\003\314\003\301\003\305\003\276\003\267\003\302\000\040\003\224\003\265\003\264\003\277\003\274\003\255\003\275\003\311\003\275}{subsection.1.3.1}% 12
\BOOKMARK [2][-]{subsection.1.3.2}{\376\377\003\225\003\276\003\314\003\301\003\305\003\276\003\267\000\040\003\224\003\265\003\264\003\277\003\274\003\255\003\275\003\311\003\275\000\040\003\303\003\265\000\040\003\232\003\271\003\275\003\267\003\304\003\255\003\302\000\040\003\243\003\305\003\303\003\272\003\265\003\305\003\255\003\302\000\040\000\050\000M\000o\000b\000i\000l\000e\000\040\000D\000a\000t\000a\000\040\000M\000i\000n\000i\000n\000g\000\051}{section.1.3}% 13
\BOOKMARK [0][-]{chapter.2}{\376\377\003\230\003\265\003\311\003\301\003\267\003\304\003\271\003\272\003\314\000\040\003\245\003\300\003\314\003\262\003\261\003\270\003\301\003\277}{}% 14
\BOOKMARK [1][-]{section.2.1}{\376\377\003\225\003\306\003\261\003\301\003\274\003\277\003\263\003\255\003\302\000\040\003\224\003\265\003\264\003\277\003\274\003\255\003\275\003\311\003\275\000\040\003\232\003\257\003\275\003\267\003\303\003\267\003\302}{chapter.2}% 15
\BOOKMARK [1][-]{section.2.2}{\376\377\003\224\003\265\003\264\003\277\003\274\003\255\003\275\003\261\000\040\003\232\003\257\003\275\003\267\003\303\003\267\003\302\000\040\003\272\003\261\003\271\000\040\003\247\003\261\003\301\003\261\003\272\003\304\003\267\003\301\003\271\003\303\003\304\003\271\003\272\003\254}{chapter.2}% 16
\BOOKMARK [2][-]{subsection.2.2.1}{\376\377\003\222\003\261\003\303\003\271\003\272\003\255\003\302\000\040\003\221\003\301\003\307\003\255\003\302\000\040\003\224\003\265\003\264\003\277\003\274\003\255\003\275\003\311\003\275\000\040\003\232\003\257\003\275\003\267\003\303\003\267\003\302}{section.2.2}% 17
\BOOKMARK [2][-]{subsection.2.2.2}{\376\377\003\247\003\261\003\301\003\261\003\272\003\304\003\267\003\301\003\271\003\303\003\304\003\271\003\272\003\254\000\040\003\232\003\257\003\275\003\267\003\303\003\267\003\302}{section.2.2}% 18
\BOOKMARK [1][-]{section.2.3}{\376\377\003\244\003\265\003\307\003\275\003\271\003\272\003\255\003\302\000\040\003\221\003\275\003\261\003\263\003\275\003\316\003\301\003\271\003\303\003\267\003\302\000\040\003\232\003\257\003\275\003\267\003\303\003\267\003\302}{chapter.2}% 19
\BOOKMARK [2][-]{subsection.2.3.1}{\376\377\003\232\003\261\003\304\003\267\003\263\003\277\003\301\003\271\003\277\003\300\003\277\003\257\003\267\003\303\003\267}{section.2.3}% 20
\BOOKMARK [2][-]{subsection.2.3.2}{\376\377\003\243\003\305\003\303\003\304\003\261\003\264\003\277\003\300\003\277\003\257\003\267\003\303\003\267\000\040\003\304\003\301\003\277\003\307\003\271\003\316\003\275\000\040\003\272\003\257\003\275\003\267\003\303\003\267\003\302}{section.2.3}% 21
\BOOKMARK [2][-]{subsection.2.3.3}{\376\377\000C\000o\000n\000d\000i\000t\000i\000o\000n\000a\000l\000\040\000R\000a\000n\000d\000o\000m\000\040\000F\000i\000e\000l\000d\000s\000\040\000\050\000C\000R\000F\000\051\000\040}{section.2.3}% 22
\BOOKMARK [0][-]{chapter.3}{\376\377\003\243\003\307\003\265\003\264\003\271\003\261\003\303\003\274\003\314\003\302}{}% 23
\BOOKMARK [1][-]{section.3.1}{\376\377\003\244\003\277\000\040\003\300\003\265\003\301\003\271\003\262\003\254\003\273\003\273\003\277\003\275\000\040\000E\000c\000l\000i\000p\000s\000e}{chapter.3}% 24
\BOOKMARK [1][-]{section.3.2}{\376\377\003\244\003\277\000\040\000A\000D\000T\000\040\000p\000l\000u\000g\000-\000i\000n}{chapter.3}% 25
\BOOKMARK [1][-]{section.3.3}{\376\377\003\244\003\277\000\040\003\265\003\301\003\263\003\261\003\273\003\265\003\257\003\277\000\040\000A\000n\000d\000r\000o\000i\000d\000\040\000S\000D\000K}{chapter.3}% 26
\BOOKMARK [2][-]{subsection.3.3.1}{\376\377\000S\000D\000K\000\040\000M\000a\000n\000a\000g\000e\000r}{section.3.3}% 27
\BOOKMARK [2][-]{subsection.3.3.2}{\376\377\003\240\003\301\003\277\003\303\003\277\003\274\003\277\003\271\003\311\003\304\003\256\003\302\000\040\003\272\003\271\003\275\003\267\003\304\003\256\003\302\000\040\003\303\003\305\003\303\003\272\003\265\003\305\003\256\003\302\000\040\000\050\000A\000n\000d\000r\000o\000i\000d\000\040\000E\000m\000u\000l\000a\000t\000o\000r\000\051}{section.3.3}% 28
\BOOKMARK [2][-]{subsection.3.3.3}{\376\377\000A\000V\000D\000\040\000M\000a\000n\000a\000g\000e\000r}{section.3.3}% 29
\BOOKMARK [2][-]{subsection.3.3.4}{\376\377\000D\000D\000M\000S\000\040\000\050\000D\000a\000l\000v\000i\000k\000\040\000D\000e\000b\000u\000g\000\040\000M\000o\000n\000i\000t\000o\000r\000\040\000S\000e\000r\000v\000e\000r\000\051}{section.3.3}% 30
\BOOKMARK [2][-]{subsection.3.3.5}{\376\377\000A\000D\000B\000\040\000\050\000A\000n\000d\000r\000o\000i\000d\000\040\000D\000e\000b\000u\000g\000\040\000B\000r\000i\000d\000g\000e\000\051}{section.3.3}% 31
\BOOKMARK [1][-]{section.3.4}{\376\377\003\221\003\275\003\254\003\300\003\304\003\305\003\276\003\267\000\040\000A\000n\000d\000r\000o\000i\000d\000\040\003\225\003\306\003\261\003\301\003\274\003\277\003\263\003\256\003\302\000\040\003\303\003\304\003\277\000\040\003\300\003\265\003\301\003\271\003\262\003\254\003\273\003\273\003\277\003\275\000\040\000E\000c\000l\000i\000p\000s\000e}{chapter.3}% 32
\BOOKMARK [1][-]{section.3.5}{\376\377\003\244\003\277\000\040\003\300\003\265\003\301\003\271\003\262\003\254\003\273\003\273\003\277\003\275\000\040\000W\000e\000k\000a}{chapter.3}% 33
\BOOKMARK [2][-]{subsection.3.5.1}{\376\377\003\247\003\301\003\256\003\303\003\267\000\040\003\304\003\277\003\305\000\040\000W\000e\000k\000a\000\040\003\274\003\265\000\040\003\272\003\316\003\264\003\271\003\272\003\261\000\040\000J\000a\000v\000a}{section.3.5}% 34
\BOOKMARK [1][-]{section.3.6}{\376\377\003\237\003\271\000\040\003\307\003\254\003\301\003\304\003\265\003\302\000\040\000G\000o\000o\000g\000l\000e\000\040\003\303\003\265\000\040\003\300\003\265\003\301\003\271\003\262\003\254\003\273\003\273\003\277\003\275\000\040\000A\000n\000d\000r\000o\000i\000d}{chapter.3}% 35
\BOOKMARK [0][-]{chapter.4}{\376\377\003\245\003\273\003\277\003\300\003\277\003\257\003\267\003\303\003\267}{}% 36
\BOOKMARK [0][-]{chapter.5}{\376\377\003\221\003\300\003\277\003\304\003\265\003\273\003\255\003\303\003\274\003\261\003\304\003\261}{}% 37
\BOOKMARK [0][-]{chapter.6}{\376\377\003\243\003\305\003\274\003\300\003\265\003\301\003\254\003\303\003\274\003\261\003\304\003\261}{}% 38
\BOOKMARK [0][-]{chapter*.25}{\376\377\003\222\003\271\003\262\003\273\003\271\003\277\003\263\003\301\003\261\003\306\003\257\003\261}{}% 39
