This is XeTeX, Version 3.1415926-2.4-0.9998 (TeX Live 2012/Debian) (format=xelatex 2014.1.7)  21 FEB 2014 04:25
entering extended mode
 restricted \write18 enabled.
 %&-line parsing enabled.
**main.tex
(./main.tex
LaTeX2e <2011/06/27>
Babel <v3.8m> and hyphenation patterns for english, dumylang, nohyphenation, et
hiopic, farsi, arabic, pinyin, croatian, bulgarian, ukrainian, russian, slovak,
 czech, danish, dutch, usenglishmax, ukenglish, finnish, french, basque, ngerma
n, german, swissgerman, ngerman-x-2012-05-30, german-x-2012-05-30, monogreek, g
reek, ibycus, ancientgreek, hungarian, bengali, tamil, hindi, telugu, gujarati,
 sanskrit, malayalam, kannada, assamese, marathi, oriya, panjabi, italian, lati
n, latvian, lithuanian, mongolian, mongolianlmc, nynorsk, bokmal, indonesian, e
speranto, coptic, welsh, irish, interlingua, serbian, serbianc, slovenian, friu
lan, romansh, estonian, romanian, armenian, uppersorbian, turkish, afrikaans, i
celandic, kurmanji, polish, portuguese, galician, catalan, spanish, swedish, th
ai, loaded.
(./Thesis.cls
Document Class: Thesis 2007/22/02 v1.0 LaTeX document class
(/usr/share/texlive/texmf-dist/tex/latex/base/book.cls
Document Class: book 2007/10/19 v1.4h Standard LaTeX document class
(/usr/share/texlive/texmf-dist/tex/latex/base/bk11.clo
File: bk11.clo 2007/10/19 v1.4h Standard LaTeX file (size option)
)
\c@part=\count80
\c@chapter=\count81
\c@section=\count82
\c@subsection=\count83
\c@subsubsection=\count84
\c@paragraph=\count85
\c@subparagraph=\count86
\c@figure=\count87
\c@table=\count88
\abovecaptionskip=\skip41
\belowcaptionskip=\skip42
\bibindent=\dimen102
)
(/usr/share/texlive/texmf-dist/tex/latex/setspace/setspace.sty
Package: setspace 2011/12/19 v6.7a set line spacing
)
(/usr/share/texlive/texmf-dist/tex/latex/vmargin/vmargin.sty
Package: vmargin 2004/07/15 V2.5 set document margins (VK)

Package: vmargin 2004/07/15 V2.5 set document margins (VK)
\PaperWidth=\dimen103
\PaperHeight=\dimen104
) (/usr/share/texlive/texmf-dist/tex/latex/base/inputenc.sty
Package: inputenc 2008/03/30 v1.1d Input encoding file
\inpenc@prehook=\toks14
\inpenc@posthook=\toks15

(/usr/share/texlive/texmf-dist/tex/latex/base/utf8.def
File: utf8.def 2008/04/05 v1.1m UTF-8 support for inputenc
Now handling font encoding OML ...
... no UTF-8 mapping file for font encoding OML
Now handling font encoding T1 ...
... processing UTF-8 mapping file for font encoding T1

(/usr/share/texlive/texmf-dist/tex/latex/base/t1enc.dfu
File: t1enc.dfu 2008/04/05 v1.1m UTF-8 support for inputenc
   defining Unicode char U+00A1 (decimal 161)
   defining Unicode char U+00A3 (decimal 163)
   defining Unicode char U+00AB (decimal 171)
   defining Unicode char U+00BB (decimal 187)
   defining Unicode char U+00BF (decimal 191)
   defining Unicode char U+00C0 (decimal 192)
   defining Unicode char U+00C1 (decimal 193)
   defining Unicode char U+00C2 (decimal 194)
   defining Unicode char U+00C3 (decimal 195)
   defining Unicode char U+00C4 (decimal 196)
   defining Unicode char U+00C5 (decimal 197)
   defining Unicode char U+00C6 (decimal 198)
   defining Unicode char U+00C7 (decimal 199)
   defining Unicode char U+00C8 (decimal 200)
   defining Unicode char U+00C9 (decimal 201)
   defining Unicode char U+00CA (decimal 202)
   defining Unicode char U+00CB (decimal 203)
   defining Unicode char U+00CC (decimal 204)
   defining Unicode char U+00CD (decimal 205)
   defining Unicode char U+00CE (decimal 206)
   defining Unicode char U+00CF (decimal 207)
   defining Unicode char U+00D0 (decimal 208)
   defining Unicode char U+00D1 (decimal 209)
   defining Unicode char U+00D2 (decimal 210)
   defining Unicode char U+00D3 (decimal 211)
   defining Unicode char U+00D4 (decimal 212)
   defining Unicode char U+00D5 (decimal 213)
   defining Unicode char U+00D6 (decimal 214)
   defining Unicode char U+00D8 (decimal 216)
   defining Unicode char U+00D9 (decimal 217)
   defining Unicode char U+00DA (decimal 218)
   defining Unicode char U+00DB (decimal 219)
   defining Unicode char U+00DC (decimal 220)
   defining Unicode char U+00DD (decimal 221)
   defining Unicode char U+00DE (decimal 222)
   defining Unicode char U+00DF (decimal 223)
   defining Unicode char U+00E0 (decimal 224)
   defining Unicode char U+00E1 (decimal 225)
   defining Unicode char U+00E2 (decimal 226)
   defining Unicode char U+00E3 (decimal 227)
   defining Unicode char U+00E4 (decimal 228)
   defining Unicode char U+00E5 (decimal 229)
   defining Unicode char U+00E6 (decimal 230)
   defining Unicode char U+00E7 (decimal 231)
   defining Unicode char U+00E8 (decimal 232)
   defining Unicode char U+00E9 (decimal 233)
   defining Unicode char U+00EA (decimal 234)
   defining Unicode char U+00EB (decimal 235)
   defining Unicode char U+00EC (decimal 236)
   defining Unicode char U+00ED (decimal 237)
   defining Unicode char U+00EE (decimal 238)
   defining Unicode char U+00EF (decimal 239)
   defining Unicode char U+00F0 (decimal 240)
   defining Unicode char U+00F1 (decimal 241)
   defining Unicode char U+00F2 (decimal 242)
   defining Unicode char U+00F3 (decimal 243)
   defining Unicode char U+00F4 (decimal 244)
   defining Unicode char U+00F5 (decimal 245)
   defining Unicode char U+00F6 (decimal 246)
   defining Unicode char U+00F8 (decimal 248)
   defining Unicode char U+00F9 (decimal 249)
   defining Unicode char U+00FA (decimal 250)
   defining Unicode char U+00FB (decimal 251)
   defining Unicode char U+00FC (decimal 252)
   defining Unicode char U+00FD (decimal 253)
   defining Unicode char U+00FE (decimal 254)
   defining Unicode char U+00FF (decimal 255)
   defining Unicode char U+0102 (decimal 258)
   defining Unicode char U+0103 (decimal 259)
   defining Unicode char U+0104 (decimal 260)
   defining Unicode char U+0105 (decimal 261)
   defining Unicode char U+0106 (decimal 262)
   defining Unicode char U+0107 (decimal 263)
   defining Unicode char U+010C (decimal 268)
   defining Unicode char U+010D (decimal 269)
   defining Unicode char U+010E (decimal 270)
   defining Unicode char U+010F (decimal 271)
   defining Unicode char U+0110 (decimal 272)
   defining Unicode char U+0111 (decimal 273)
   defining Unicode char U+0118 (decimal 280)
   defining Unicode char U+0119 (decimal 281)
   defining Unicode char U+011A (decimal 282)
   defining Unicode char U+011B (decimal 283)
   defining Unicode char U+011E (decimal 286)
   defining Unicode char U+011F (decimal 287)
   defining Unicode char U+0130 (decimal 304)
   defining Unicode char U+0131 (decimal 305)
   defining Unicode char U+0132 (decimal 306)
   defining Unicode char U+0133 (decimal 307)
   defining Unicode char U+0139 (decimal 313)
   defining Unicode char U+013A (decimal 314)
   defining Unicode char U+013D (decimal 317)
   defining Unicode char U+013E (decimal 318)
   defining Unicode char U+0141 (decimal 321)
   defining Unicode char U+0142 (decimal 322)
   defining Unicode char U+0143 (decimal 323)
   defining Unicode char U+0144 (decimal 324)
   defining Unicode char U+0147 (decimal 327)
   defining Unicode char U+0148 (decimal 328)
   defining Unicode char U+014A (decimal 330)
   defining Unicode char U+014B (decimal 331)
   defining Unicode char U+0150 (decimal 336)
   defining Unicode char U+0151 (decimal 337)
   defining Unicode char U+0152 (decimal 338)
   defining Unicode char U+0153 (decimal 339)
   defining Unicode char U+0154 (decimal 340)
   defining Unicode char U+0155 (decimal 341)
   defining Unicode char U+0158 (decimal 344)
   defining Unicode char U+0159 (decimal 345)
   defining Unicode char U+015A (decimal 346)
   defining Unicode char U+015B (decimal 347)
   defining Unicode char U+015E (decimal 350)
   defining Unicode char U+015F (decimal 351)
   defining Unicode char U+0160 (decimal 352)
   defining Unicode char U+0161 (decimal 353)
   defining Unicode char U+0162 (decimal 354)
   defining Unicode char U+0163 (decimal 355)
   defining Unicode char U+0164 (decimal 356)
   defining Unicode char U+0165 (decimal 357)
   defining Unicode char U+016E (decimal 366)
   defining Unicode char U+016F (decimal 367)
   defining Unicode char U+0170 (decimal 368)
   defining Unicode char U+0171 (decimal 369)
   defining Unicode char U+0178 (decimal 376)
   defining Unicode char U+0179 (decimal 377)
   defining Unicode char U+017A (decimal 378)
   defining Unicode char U+017B (decimal 379)
   defining Unicode char U+017C (decimal 380)
   defining Unicode char U+017D (decimal 381)
   defining Unicode char U+017E (decimal 382)
   defining Unicode char U+200C (decimal 8204)
   defining Unicode char U+2013 (decimal 8211)
   defining Unicode char U+2014 (decimal 8212)
   defining Unicode char U+2018 (decimal 8216)
   defining Unicode char U+2019 (decimal 8217)
   defining Unicode char U+201A (decimal 8218)
   defining Unicode char U+201C (decimal 8220)
   defining Unicode char U+201D (decimal 8221)
   defining Unicode char U+201E (decimal 8222)
   defining Unicode char U+2030 (decimal 8240)
   defining Unicode char U+2031 (decimal 8241)
   defining Unicode char U+2039 (decimal 8249)
   defining Unicode char U+203A (decimal 8250)
   defining Unicode char U+2423 (decimal 9251)
)
Now handling font encoding OT1 ...
... processing UTF-8 mapping file for font encoding OT1

(/usr/share/texlive/texmf-dist/tex/latex/base/ot1enc.dfu
File: ot1enc.dfu 2008/04/05 v1.1m UTF-8 support for inputenc
   defining Unicode char U+00A1 (decimal 161)
   defining Unicode char U+00A3 (decimal 163)
   defining Unicode char U+00B8 (decimal 184)
   defining Unicode char U+00BF (decimal 191)
   defining Unicode char U+00C5 (decimal 197)
   defining Unicode char U+00C6 (decimal 198)
   defining Unicode char U+00D8 (decimal 216)
   defining Unicode char U+00DF (decimal 223)
   defining Unicode char U+00E6 (decimal 230)
   defining Unicode char U+00EC (decimal 236)
   defining Unicode char U+00ED (decimal 237)
   defining Unicode char U+00EE (decimal 238)
   defining Unicode char U+00EF (decimal 239)
   defining Unicode char U+00F8 (decimal 248)
   defining Unicode char U+0131 (decimal 305)
   defining Unicode char U+0141 (decimal 321)
   defining Unicode char U+0142 (decimal 322)
   defining Unicode char U+0152 (decimal 338)
   defining Unicode char U+0153 (decimal 339)
   defining Unicode char U+2013 (decimal 8211)
   defining Unicode char U+2014 (decimal 8212)
   defining Unicode char U+2018 (decimal 8216)
   defining Unicode char U+2019 (decimal 8217)
   defining Unicode char U+201C (decimal 8220)
   defining Unicode char U+201D (decimal 8221)
)
Now handling font encoding OMS ...
... processing UTF-8 mapping file for font encoding OMS

(/usr/share/texlive/texmf-dist/tex/latex/base/omsenc.dfu
File: omsenc.dfu 2008/04/05 v1.1m UTF-8 support for inputenc
   defining Unicode char U+00A7 (decimal 167)
   defining Unicode char U+00B6 (decimal 182)
   defining Unicode char U+00B7 (decimal 183)
   defining Unicode char U+2020 (decimal 8224)
   defining Unicode char U+2021 (decimal 8225)
   defining Unicode char U+2022 (decimal 8226)
)
Now handling font encoding OMX ...
... no UTF-8 mapping file for font encoding OMX
Now handling font encoding U ...
... no UTF-8 mapping file for font encoding U
   defining Unicode char U+00A9 (decimal 169)
   defining Unicode char U+00AA (decimal 170)
   defining Unicode char U+00AE (decimal 174)
   defining Unicode char U+00BA (decimal 186)
   defining Unicode char U+02C6 (decimal 710)
   defining Unicode char U+02DC (decimal 732)
   defining Unicode char U+200C (decimal 8204)
   defining Unicode char U+2026 (decimal 8230)
   defining Unicode char U+2122 (decimal 8482)
   defining Unicode char U+2423 (decimal 9251)
))
(/usr/share/texlive/texmf-dist/tex/latex/fancyhdr/fancyhdr.sty
\fancy@headwidth=\skip43
\f@ncyO@elh=\skip44
\f@ncyO@erh=\skip45
\f@ncyO@olh=\skip46
\f@ncyO@orh=\skip47
\f@ncyO@elf=\skip48
\f@ncyO@erf=\skip49
\f@ncyO@olf=\skip50
\f@ncyO@orf=\skip51
)
(/usr/share/texlive/texmf-dist/tex/latex/amsmath/amsmath.sty
Package: amsmath 2000/07/18 v2.13 AMS math features
\@mathmargin=\skip52

For additional information on amsmath, use the `?' option.
(/usr/share/texlive/texmf-dist/tex/latex/amsmath/amstext.sty
Package: amstext 2000/06/29 v2.01

(/usr/share/texlive/texmf-dist/tex/latex/amsmath/amsgen.sty
File: amsgen.sty 1999/11/30 v2.0
\@emptytoks=\toks16
\ex@=\dimen105
))
(/usr/share/texlive/texmf-dist/tex/latex/amsmath/amsbsy.sty
Package: amsbsy 1999/11/29 v1.2d
\pmbraise@=\dimen106
)
(/usr/share/texlive/texmf-dist/tex/latex/amsmath/amsopn.sty
Package: amsopn 1999/12/14 v2.01 operator names
)
\inf@bad=\count89
LaTeX Info: Redefining \frac on input line 211.
\uproot@=\count90
\leftroot@=\count91
LaTeX Info: Redefining \overline on input line 307.
\classnum@=\count92
\DOTSCASE@=\count93
LaTeX Info: Redefining \ldots on input line 379.
LaTeX Info: Redefining \dots on input line 382.
LaTeX Info: Redefining \cdots on input line 467.
\Mathstrutbox@=\box26
\strutbox@=\box27
\big@size=\dimen107
LaTeX Font Info:    Redeclaring font encoding OML on input line 567.
LaTeX Font Info:    Redeclaring font encoding OMS on input line 568.
\macc@depth=\count94
\c@MaxMatrixCols=\count95
\dotsspace@=\muskip10
\c@parentequation=\count96
\dspbrk@lvl=\count97
\tag@help=\toks17
\row@=\count98
\column@=\count99
\maxfields@=\count100
\andhelp@=\toks18
\eqnshift@=\dimen108
\alignsep@=\dimen109
\tagshift@=\dimen110
\tagwidth@=\dimen111
\totwidth@=\dimen112
\lineht@=\dimen113
\@envbody=\toks19
\multlinegap=\skip53
\multlinetaggap=\skip54
\mathdisplay@stack=\toks20
LaTeX Info: Redefining \[ on input line 2666.
LaTeX Info: Redefining \] on input line 2667.
)
(/usr/share/texlive/texmf-dist/tex/latex/amsfonts/amsfonts.sty
Package: amsfonts 2009/06/22 v3.00 Basic AMSFonts support
\symAMSa=\mathgroup4
\symAMSb=\mathgroup5
LaTeX Font Info:    Overwriting math alphabet `\mathfrak' in version `bold'
(Font)                  U/euf/m/n --> U/euf/b/n on input line 96.
)
(/usr/share/texlive/texmf-dist/tex/latex/amsfonts/amssymb.sty
Package: amssymb 2009/06/22 v3.00
)
(/usr/share/texlive/texmf-dist/tex/latex/amsmath/amscd.sty
Package: amscd 1999/11/29 v1.2d
\athelp@=\toks21
\minaw@=\dimen114
\bigaw@=\dimen115
\minCDarrowwidth=\dimen116
)
(/usr/share/texlive/texmf-dist/tex/latex/amscls/amsthm.sty
Package: amsthm 2009/07/02 v2.20.1
\thm@style=\toks22
\thm@bodyfont=\toks23
\thm@headfont=\toks24
\thm@notefont=\toks25
\thm@headpunct=\toks26
\thm@preskip=\skip55
\thm@postskip=\skip56
\thm@headsep=\skip57
\dth@everypar=\toks27
)
(/usr/share/texlive/texmf-dist/tex/latex/tools/xspace.sty
Package: xspace 2009/10/20 v1.13 Space after command names (DPC,MH)
)
\c@example=\count101
\c@theorem=\count102

(/usr/share/texlive/texmf-dist/tex/latex/caption/caption.sty
Package: caption 2012/02/19 v3.2f Customizing captions (AR)

(/usr/share/texlive/texmf-dist/tex/latex/caption/caption3.sty
Package: caption3 2012/01/12 v1.4b caption3 kernel (AR)

(/usr/share/texlive/texmf-dist/tex/latex/graphics/keyval.sty
Package: keyval 1999/03/16 v1.13 key=value parser (DPC)
\KV@toks@=\toks28
)
\captionmargin=\dimen117
\captionmargin@=\dimen118
\captionwidth=\dimen119
\caption@indent=\dimen120
\caption@parindent=\dimen121
\caption@hangindent=\dimen122
)
\c@ContinuedFloat=\count103
)
(/usr/share/texlive/texmf-dist/tex/latex/graphics/graphicx.sty
Package: graphicx 1999/02/16 v1.0f Enhanced LaTeX Graphics (DPC,SPQR)

(/usr/share/texlive/texmf-dist/tex/latex/graphics/graphics.sty
Package: graphics 2009/02/05 v1.0o Standard LaTeX Graphics (DPC,SPQR)

(/usr/share/texlive/texmf-dist/tex/latex/graphics/trig.sty
Package: trig 1999/03/16 v1.09 sin cos tan (DPC)
)
(/usr/share/texlive/texmf-dist/tex/latex/latexconfig/graphics.cfg
File: graphics.cfg 2010/04/23 v1.9 graphics configuration of TeX Live
)
Package graphics Info: Driver file: xetex.def on input line 91.

(/usr/share/texlive/texmf-dist/tex/xelatex/xetex-def/xetex.def
File: xetex.def 2009/11/22 v0.94 LaTeX color/graphics driver for XeTeX (RRM/JK)

))
\Gin@req@height=\dimen123
\Gin@req@width=\dimen124
)
(/usr/share/texlive/texmf-dist/tex/latex/oberdiek/epstopdf.sty
Package: epstopdf 2010/02/09 v2.5 Conversion with epstopdf on the fly (HO)

(/usr/share/texlive/texmf-dist/tex/latex/oberdiek/epstopdf-base.sty
Package: epstopdf-base 2010/02/09 v2.5 Base part for package epstopdf

(/usr/share/texlive/texmf-dist/tex/generic/oberdiek/infwarerr.sty
Package: infwarerr 2010/04/08 v1.3 Providing info/warning/error messages (HO)
)
(/usr/share/texlive/texmf-dist/tex/latex/oberdiek/grfext.sty
Package: grfext 2010/08/19 v1.1 Manage graphics extensions (HO)

(/usr/share/texlive/texmf-dist/tex/generic/oberdiek/kvdefinekeys.sty
Package: kvdefinekeys 2011/04/07 v1.3 Define keys (HO)

(/usr/share/texlive/texmf-dist/tex/generic/oberdiek/ltxcmds.sty
Package: ltxcmds 2011/11/09 v1.22 LaTeX kernel commands for general use (HO)
)))
(/usr/share/texlive/texmf-dist/tex/latex/oberdiek/kvoptions.sty
Package: kvoptions 2011/06/30 v3.11 Key value format for package options (HO)

(/usr/share/texlive/texmf-dist/tex/generic/oberdiek/kvsetkeys.sty
Package: kvsetkeys 2012/04/25 v1.16 Key value parser (HO)

(/usr/share/texlive/texmf-dist/tex/generic/oberdiek/etexcmds.sty
Package: etexcmds 2011/02/16 v1.5 Avoid name clashes with e-TeX commands (HO)

(/usr/share/texlive/texmf-dist/tex/generic/oberdiek/ifluatex.sty
Package: ifluatex 2010/03/01 v1.3 Provides the ifluatex switch (HO)
Package ifluatex Info: LuaTeX not detected.
)
Package etexcmds Info: Could not find \expanded.
(etexcmds)             That can mean that you are not using pdfTeX 1.50 or
(etexcmds)             that some package has redefined \expanded.
(etexcmds)             In the latter case, load this package earlier.
)))
(/usr/share/texlive/texmf-dist/tex/generic/oberdiek/pdftexcmds.sty
Package: pdftexcmds 2011/11/29 v0.20 Utility functions of pdfTeX for LuaTeX (HO
)

(/usr/share/texlive/texmf-dist/tex/generic/oberdiek/ifpdf.sty
Package: ifpdf 2011/01/30 v2.3 Provides the ifpdf switch (HO)
Package ifpdf Info: pdfTeX in PDF mode is not detected.
)
Package pdftexcmds Info: LuaTeX not detected.
Package pdftexcmds Info: pdfTeX >= 1.30 not detected.
Package pdftexcmds Info: \pdf@primitive is available.
Package pdftexcmds Info: \pdf@ifprimitive is available.
Package pdftexcmds Info: \pdfdraftmode not found.
)

Package epstopdf Warning: Drivers other than `pdftex.def' are not supported.

)) (/usr/share/texlive/texmf-dist/tex/latex/subfigure/subfigure.sty
Package: subfigure 2002/03/15 v2.1.5 subfigure package
\subfigtopskip=\skip58
\subfigcapskip=\skip59
\subfigcaptopadj=\dimen125
\subfigbottomskip=\skip60
\subfigcapmargin=\dimen126
\subfiglabelskip=\skip61
\c@subfigure=\count104
\c@lofdepth=\count105
\c@subtable=\count106
\c@lotdepth=\count107

****************************************
* Local config file subfigure.cfg used *
****************************************
(/usr/share/texlive/texmf-dist/tex/latex/subfigure/subfigure.cfg)
\subfig@top=\skip62
\subfig@bottom=\skip63
)
(/usr/share/texlive/texmf-dist/tex/latex/booktabs/booktabs.sty
Package: booktabs 2005/04/14 v1.61803 publication quality tables
\heavyrulewidth=\dimen127
\lightrulewidth=\dimen128
\cmidrulewidth=\dimen129
\belowrulesep=\dimen130
\belowbottomsep=\dimen131
\aboverulesep=\dimen132
\abovetopsep=\dimen133
\cmidrulesep=\dimen134
\cmidrulekern=\dimen135
\defaultaddspace=\dimen136
\@cmidla=\count108
\@cmidlb=\count109
\@aboverulesep=\dimen137
\@belowrulesep=\dimen138
\@thisruleclass=\count110
\@lastruleclass=\count111
\@thisrulewidth=\dimen139
)
(/usr/share/texlive/texmf-dist/tex/latex/rotating/rotating.sty
Package: rotating 2009/03/28 v2.16a rotated objects in LaTeX

(/usr/share/texlive/texmf-dist/tex/latex/base/ifthen.sty
Package: ifthen 2001/05/26 v1.1c Standard LaTeX ifthen package (DPC)
)
\c@r@tfl@t=\count112
\rotFPtop=\skip64
\rotFPbot=\skip65
\rot@float@box=\box28
\rot@mess@toks=\toks29
)
(/usr/share/texlive/texmf-dist/tex/latex/listings/listings.sty
\lst@mode=\count113
\lst@gtempboxa=\box29
\lst@token=\toks30
\lst@length=\count114
\lst@currlwidth=\dimen140
\lst@column=\count115
\lst@pos=\count116
\lst@lostspace=\dimen141
\lst@width=\dimen142
\lst@newlines=\count117
\lst@lineno=\count118
\lst@maxwidth=\dimen143
 (./lstpatch.sty

***
*** This is a patch for listings 1.3, but you're using
*** version 1.4.
***
*** Patch file not loaded.
***

) (/usr/share/texlive/texmf-dist/tex/latex/listings/lstmisc.sty
File: lstmisc.sty 2007/02/22 1.4 (Carsten Heinz)
\c@lstnumber=\count119
\lst@skipnumbers=\count120
\lst@framebox=\box30
)
(/usr/share/texlive/texmf-dist/tex/latex/listings/listings.cfg
File: listings.cfg 2007/02/22 1.4 listings configuration
))
Package: listings 2007/02/22 1.4 (Carsten Heinz)

(./lstpatch.sty

***
*** This is a patch for listings 1.3, but you're using
*** version 1.4.
***
 *** Patch file not loaded.
***

) (/usr/share/texlive/texmf-dist/tex/latex/hyperref/hyperref.sty
Package: hyperref 2012/05/13 v6.82q Hypertext links for LaTeX

(/usr/share/texlive/texmf-dist/tex/generic/oberdiek/hobsub-hyperref.sty
Package: hobsub-hyperref 2012/05/28 v1.13 Bundle oberdiek, subset hyperref (HO)


(/usr/share/texlive/texmf-dist/tex/generic/oberdiek/hobsub-generic.sty
Package: hobsub-generic 2012/05/28 v1.13 Bundle oberdiek, subset generic (HO)
Package: hobsub 2012/05/28 v1.13 Construct package bundles (HO)
Package hobsub Info: Skipping package `infwarerr' (already loaded).
Package hobsub Info: Skipping package `ltxcmds' (already loaded).
Package hobsub Info: Skipping package `ifluatex' (already loaded).
Package: ifvtex 2010/03/01 v1.5 Detect VTeX and its facilities (HO)
Package ifvtex Info: VTeX not detected.
Package: intcalc 2007/09/27 v1.1 Expandable calculations with integers (HO)
Package hobsub Info: Skipping package `ifpdf' (already loaded).
Package hobsub Info: Skipping package `etexcmds' (already loaded).
Package hobsub Info: Skipping package `kvsetkeys' (already loaded).
Package hobsub Info: Skipping package `kvdefinekeys' (already loaded).
Package hobsub Info: Skipping package `pdftexcmds' (already loaded).
Package: pdfescape 2011/11/25 v1.13 Implements pdfTeX's escape features (HO)
Package: bigintcalc 2012/04/08 v1.3 Expandable calculations on big integers (HO
)
Package: bitset 2011/01/30 v1.1 Handle bit-vector datatype (HO)
Package: uniquecounter 2011/01/30 v1.2 Provide unlimited unique counter (HO)
)
Package hobsub Info: Skipping package `hobsub' (already loaded).
Package: letltxmacro 2010/09/02 v1.4 Let assignment for LaTeX macros (HO)
Package: hopatch 2012/05/28 v1.2 Wrapper for package hooks (HO)
Package: xcolor-patch 2011/01/30 xcolor patch
Package: atveryend 2011/06/30 v1.8 Hooks at the very end of document (HO)
Package atveryend Info: \enddocument detected (standard20110627).
Package: atbegshi 2011/10/05 v1.16 At begin shipout hook (HO)
Package: refcount 2011/10/16 v3.4 Data extraction from label references (HO)
Package: hycolor 2011/01/30 v1.7 Color options for hyperref/bookmark (HO)
)
(/usr/share/texlive/texmf-dist/tex/generic/ifxetex/ifxetex.sty
Package: ifxetex 2010/09/12 v0.6 Provides ifxetex conditional
)
\@linkdim=\dimen144
\Hy@linkcounter=\count121
\Hy@pagecounter=\count122

(/usr/share/texlive/texmf-dist/tex/latex/hyperref/pd1enc.def
File: pd1enc.def 2012/05/13 v6.82q Hyperref: PDFDocEncoding definition (HO)
Now handling font encoding PD1 ...
... no UTF-8 mapping file for font encoding PD1
)
\Hy@SavedSpaceFactor=\count123

(/usr/share/texlive/texmf-dist/tex/xelatex/xetexconfig/hyperref.cfg
File: hyperref.cfg 2008/07/11 v1.2 hyperref configuration for XeLaTeX
)
Package hyperref Info: Option `bookmarks' set `true' on input line 3941.
Package hyperref Info: Option `bookmarksopen' set `true' on input line 3941.
Package hyperref Info: Option `bookmarksnumbered' set `true' on input line 3941
.
Package hyperref Info: Option `hypertexnames' set `false' on input line 3941.
Package hyperref Info: Option `colorlinks' set `true' on input line 3941.
Package hyperref Info: Option `unicode' set `true' on input line 3941.

(/usr/share/texlive/texmf-dist/tex/latex/hyperref/puenc.def
File: puenc.def 2012/05/13 v6.82q Hyperref: PDF Unicode definition (HO)
Now handling font encoding PU ...
... no UTF-8 mapping file for font encoding PU
)
Package hyperref Info: Option `breaklinks' set `true' on input line 3941.
Package hyperref Info: Hyper figures OFF on input line 4062.
Package hyperref Info: Link nesting OFF on input line 4067.
Package hyperref Info: Hyper index ON on input line 4070.
Package hyperref Info: Plain pages OFF on input line 4077.
Package hyperref Info: Backreferencing OFF on input line 4082.
Package hyperref Info: Implicit mode ON; LaTeX internals redefined.
Package hyperref Info: Bookmarks ON on input line 4300.
\c@Hy@tempcnt=\count124

(/usr/share/texlive/texmf-dist/tex/latex/url/url.sty
\Urlmuskip=\muskip11
Package: url 2006/04/12  ver 3.3  Verb mode for urls, etc.
)
LaTeX Info: Redefining \url on input line 4653.
\Fld@menulength=\count125
\Field@Width=\dimen145
\Fld@charsize=\dimen146
Package hyperref Info: Hyper figures OFF on input line 5773.
Package hyperref Info: Link nesting OFF on input line 5778.
Package hyperref Info: Hyper index ON on input line 5781.
Package hyperref Info: backreferencing OFF on input line 5788.
Package hyperref Info: Link coloring ON on input line 5791.
Package hyperref Info: Link coloring with OCG OFF on input line 5798.
Package hyperref Info: PDF/A mode OFF on input line 5803.
LaTeX Info: Redefining \ref on input line 5843.
LaTeX Info: Redefining \pageref on input line 5847.
\Hy@abspage=\count126
\c@Item=\count127
\c@Hfootnote=\count128
)

Package hyperref Message: Driver (autodetected): hxetex.

(/usr/share/texlive/texmf-dist/tex/latex/hyperref/hxetex.def
File: hxetex.def 2012/05/13 v6.82q Hyperref driver for XeTeX

(/usr/share/texlive/texmf-dist/tex/generic/oberdiek/stringenc.sty
Package: stringenc 2011/12/02 v1.10 Convert strings between diff. encodings (HO
)
)
\pdfm@box=\box31
\c@Hy@AnnotLevel=\count129
\HyField@AnnotCount=\count130
\Fld@listcount=\count131
\c@bookmark@seq@number=\count132

(/usr/share/texlive/texmf-dist/tex/latex/oberdiek/rerunfilecheck.sty
Package: rerunfilecheck 2011/04/15 v1.7 Rerun checks for auxiliary files (HO)
Package rerunfilecheck Info: Feature \pdfmdfivesum is not available
(rerunfilecheck)             (e.g. pdfTeX or LuaTeX with package `pdftexcmds').

(rerunfilecheck)             Therefore file contents cannot be checked efficien
tly
(rerunfilecheck)             and the loading of the package is aborted.
)
\Hy@SectionHShift=\skip66
)
\c@dummy=\count133

(/usr/share/texlive/texmf-dist/tex/latex/tools/longtable.sty
Package: longtable 2004/02/01 v4.11 Multi-page Table package (DPC)
\LTleft=\skip67
\LTright=\skip68
\LTpre=\skip69
\LTpost=\skip70
\LTchunksize=\count134
\LTcapwidth=\dimen147
\LT@head=\box32
\LT@firsthead=\box33
\LT@foot=\box34
\LT@lastfoot=\box35
\LT@cols=\count135
\LT@rows=\count136
\c@LT@tables=\count137
\c@LT@chunks=\count138
\LT@p@ftn=\toks31
))
(/usr/share/texlive/texmf-dist/tex/latex/fontspec/fontspec.sty
Package: fontspec 2012/05/06 v2.2b Advanced font selection for XeLaTeX/LuaLaTeX


(/usr/share/texlive/texmf-dist/tex/latex/l3kernel/expl3.sty
(/usr/share/texlive/texmf-dist/tex/latex/l3kernel/l3names.sty
(/usr/share/texlive/texmf-dist/tex/latex/l3kernel/l3bootstrap.sty
Package: l3bootstrap 2011/12/29 v3110 L3 Experimental bootstrap code
)
Package: l3names 2012/03/04 v3494 L3 Experimental namespace for primitives
)
(/usr/share/texlive/texmf-dist/tex/latex/etex-pkg/etex.sty
Package: etex 1998/03/26 v2.0 eTeX basic definition package (PEB)
\et@xins=\count139
)
Package: expl3 2012/04/23 v3570 L3 Experimental code bundle wrapper

(/usr/share/texlive/texmf-dist/tex/latex/graphics/color.sty
Package: color 2005/11/14 v1.0j Standard LaTeX Color (DPC)

(/usr/share/texlive/texmf-dist/tex/latex/latexconfig/color.cfg
File: color.cfg 2007/01/18 v1.5 color configuration of teTeX/TeXLive
)
Package color Info: Driver file: xetex.def on input line 130.
)
(/usr/share/texlive/texmf-dist/tex/latex/l3kernel/l3basics.sty
Package: l3basics 2012/03/04 v3491 L3 Experimental basic definitions
)
(/usr/share/texlive/texmf-dist/tex/latex/l3kernel/l3expan.sty
Package: l3expan 2012/02/26 v3460 L3 Experimental argument expansion
)
(/usr/share/texlive/texmf-dist/tex/latex/l3kernel/l3tl.sty
Package: l3tl 2012/03/04 v3490 L3 Experimental token lists
)
(/usr/share/texlive/texmf-dist/tex/latex/l3kernel/l3seq.sty
Package: l3seq 2012/03/04 v3490 L3 Experimental sequences and stacks
)
(/usr/share/texlive/texmf-dist/tex/latex/l3kernel/l3int.sty
Package: l3int 2012/03/04 v3490 L3 Experimental integers
\c_max_int=\count140
\l_tmpa_int=\count141
\l_tmpb_int=\count142
\l_tmpc_int=\count143
\g_tmpa_int=\count144
\g_tmpb_int=\count145
)
(/usr/share/texlive/texmf-dist/tex/latex/l3kernel/l3quark.sty
Package: l3quark 2012/02/12 v3384 L3 Experimental quarks
)
(/usr/share/texlive/texmf-dist/tex/latex/l3kernel/l3prg.sty
Package: l3prg 2012/03/04 v3490 L3 Experimental control structures
\g_prg_map_int=\count146
)
(/usr/share/texlive/texmf-dist/tex/latex/l3kernel/l3clist.sty
Package: l3clist 2012/03/04 v3490 L3 Experimental comma separated lists
)
(/usr/share/texlive/texmf-dist/tex/latex/l3kernel/l3token.sty
Package: l3token 2012/03/04 v3491 L3 Experimental token manipulation
)
(/usr/share/texlive/texmf-dist/tex/latex/l3kernel/l3prop.sty
Package: l3prop 2012/03/04 v3490 L3 Experimental property lists
)
(/usr/share/texlive/texmf-dist/tex/latex/l3kernel/l3msg.sty
Package: l3msg 2012/04/23 v3568 L3 Experimental messages
)
(/usr/share/texlive/texmf-dist/tex/latex/l3kernel/l3file.sty
Package: l3file 2012/03/09 v3520 L3 Experimental file and I/O operations
\l_iow_stream_int=\count147
\l_iow_line_length_int=\count148
\l_iow_target_length_int=\count149
\l_iow_current_line_int=\count150
\l_iow_current_word_int=\count151
\l_iow_current_indentation_int=\count152
)
(/usr/share/texlive/texmf-dist/tex/latex/l3kernel/l3skip.sty
Package: l3skip 2012/03/05 v3499 L3 Experimental dimensions and skips
\l_tmpa_dim=\dimen148
\l_tmpb_dim=\dimen149
\l_tmpc_dim=\dimen150
\g_tmpa_dim=\dimen151
\g_tmpb_dim=\dimen152
\l_tmpa_skip=\skip71
\l_tmpb_skip=\skip72
\l_tmpc_skip=\skip73
\g_tmpa_skip=\skip74
\g_tmpb_skip=\skip75
)
(/usr/share/texlive/texmf-dist/tex/latex/l3kernel/l3keys.sty
Package: l3keys 2012/03/03 v3487 L3 Experimental key-value interfaces
\g_keyval_level_int=\count153
\l_keys_choice_int=\count154
)
(/usr/share/texlive/texmf-dist/tex/latex/l3kernel/l3fp.sty
Package: l3fp 2012/03/04 v3490 L3 Experimental floating-point operations
\c_one_hundred_million=\count155
\c_five_hundred_million=\count156
\c_one_thousand_million=\count157
\c_fp_pi_by_four_decimal_int=\count158
\c_fp_pi_by_four_extended_int=\count159
\c_fp_pi_decimal_int=\count160
\c_fp_pi_extended_int=\count161
\c_fp_two_pi_decimal_int=\count162
\c_fp_two_pi_extended_int=\count163
\l_fp_count_int=\count164
\l_fp_div_offset_int=\count165
\l_fp_exp_integer_int=\count166
\l_fp_exp_decimal_int=\count167
\l_fp_exp_extended_int=\count168
\l_fp_exp_exponent_int=\count169
\l_fp_input_a_sign_int=\count170
\l_fp_input_a_integer_int=\count171
\l_fp_input_a_decimal_int=\count172
\l_fp_input_a_exponent_int=\count173
\l_fp_input_b_sign_int=\count174
\l_fp_input_b_integer_int=\count175
\l_fp_input_b_decimal_int=\count176
\l_fp_input_b_exponent_int=\count177
\l_fp_input_a_extended_int=\count178
\l_fp_input_b_extended_int=\count179
\l_fp_mul_a_i_int=\count180
\l_fp_mul_a_ii_int=\count181
\l_fp_mul_a_iii_int=\count182
\l_fp_mul_a_iv_int=\count183
\l_fp_mul_a_v_int=\count184
\l_fp_mul_a_vi_int=\count185
\l_fp_mul_b_i_int=\count186
\l_fp_mul_b_ii_int=\count187
\l_fp_mul_b_iii_int=\count188
\l_fp_mul_b_iv_int=\count189
\l_fp_mul_b_v_int=\count190
\l_fp_mul_b_vi_int=\count191
\l_fp_mul_output_int=\count192
\l_fp_output_sign_int=\count193
\l_fp_output_integer_int=\count194
\l_fp_output_decimal_int=\count195
\l_fp_output_exponent_int=\count196
\l_fp_output_extended_int=\count197
\l_fp_round_position_int=\count198
\l_fp_round_target_int=\count199
\l_fp_split_sign_int=\count200
\l_fp_internal_int=\count201
Normal \count register pool exhausted, switching to extended pool.
\l_fp_trig_octant_int=\count277
\l_fp_trig_sign_int=\count278
\l_fp_trig_decimal_int=\count279
\l_fp_trig_extended_int=\count280
\l_fp_internal_dim=\dimen153
\l_fp_internal_skip=\skip76
)
(/usr/share/texlive/texmf-dist/tex/latex/l3kernel/l3box.sty
Package: l3box 2012/03/04 v3490 L3 Experimental boxes
\l_tmpb_box=\box36
\l_box_top_dim=\dimen154
\l_box_bottom_dim=\dimen155
\l_box_left_dim=\dimen156
\l_box_right_dim=\dimen157
\l_box_top_new_dim=\dimen158
\l_box_bottom_new_dim=\dimen159
\l_box_left_new_dim=\dimen160
\l_box_right_new_dim=\dimen161
\l_box_internal_box=\box37
)
(/usr/share/texlive/texmf-dist/tex/latex/l3kernel/l3coffins.sty
Package: l3coffins 2012/03/03 v3482 L3 Experimental coffin code layer
\l_coffin_internal_box=\box38
\l_coffin_internal_dim=\dimen162
\l_coffin_offset_x_dim=\dimen163
\l_coffin_offset_y_dim=\dimen164
\l_coffin_x_dim=\dimen165
\l_coffin_y_dim=\dimen166
\l_coffin_x_prime_dim=\dimen167
\l_coffin_y_prime_dim=\dimen168
\l_coffin_Depth_dim=\dimen169
\l_coffin_Height_dim=\dimen170
\l_coffin_TotalHeight_dim=\dimen171
\l_coffin_Width_dim=\dimen172
\c_empty_coffin=\box39
\l_coffin_aligned_coffin=\box40
\l_coffin_aligned_internal_coffin=\box41
\l_coffin_bounding_shift_dim=\dimen173
\l_coffin_left_corner_dim=\dimen174
\l_coffin_right_corner_dim=\dimen175
\l_coffin_bottom_corner_dim=\dimen176
\l_coffin_top_corner_dim=\dimen177
\l_coffin_scaled_total_height_dim=\dimen178
\l_coffin_scaled_width_dim=\dimen179
\l_coffin_display_coffin=\box42
\l_coffin_display_coord_coffin=\box43
\l_coffin_display_pole_coffin=\box44
\l_coffin_display_offset_dim=\dimen180
\l_coffin_display_x_dim=\dimen181
\l_coffin_display_y_dim=\dimen182
)
(/usr/share/texlive/texmf-dist/tex/latex/l3kernel/l3color.sty
Package: l3color 2011/09/07 v2776 L3 Experimental colour support
)
(/usr/share/texlive/texmf-dist/tex/latex/l3kernel/l3luatex.sty
Package: l3luatex 2012/02/09 v3355 L3 Experimental LuaTeX-specific functions
\g_cctab_allocate_int=\count281
\g_cctab_stack_int=\count282
))
(/usr/share/texlive/texmf-dist/tex/latex/l3packages/xparse/xparse.sty
Package: xparse 2012/04/23 v3570 L3 Experimental document command parser
\l_xparse_current_arg_int=\count283
\l_xparse_m_args_int=\count284
\l_xparse_mandatory_args_int=\count285
\l_xparse_processor_int=\count286
\l_xparse_v_nesting_int=\count287
)
\l_fontspec_script_int=\count288
\l_fontspec_language_int=\count289
\l_fontspec_strnum_int=\count290
\l_fontspec_tmpa_dim=\dimen183
\l_fontspec_tmpb_dim=\dimen184
\l_fontspec_tmpc_dim=\dimen185
Variant \tl_gset:cV already defined; not changing it on line 66

*************************************************
* fontspec warning: "cm-default-obsolete"
* 
* The "cm-default" package option is obsolete.
*************************************************
(/usr/share/texlive/texmf-dist/tex/latex/fontspec/fontspec-patches.sty
Package: fontspec-patches 2012/05/06 v2.2b Advanced font selection for XeLaTeX/
LuaLaTeX

(/usr/share/texlive/texmf-dist/tex/latex/base/fixltx2e.sty
Package: fixltx2e 2006/09/13 v1.1m fixes to LaTeX
LaTeX Info: Redefining \em on input line 420.
LaTeX Info: The control sequence `\[' is already robust on input line 471.
LaTeX Info: The control sequence `\]' is already robust on input line 472.
)
LaTeX Info: Redefining \em on input line 22.
LaTeX Info: Redefining \emph on input line 29.
LaTeX Info: Redefining \- on input line 32.

*************************************************
* LaTeX warning: "xparse/redefine-command"
* 
* Redefining document command \oldstylenums with arg. spec. 'm' on line 107.
*************************************************
.................................................
. LaTeX info: "xparse/define-command"
. 
. Defining document command \liningnums with arg. spec. 'm' on line 111.
.................................................
) (/usr/share/texlive/texmf-dist/tex/latex/fontspec/fontspec-xetex.sty
Package: fontspec-xetex 2012/05/06 v2.2b Advanced font selection for XeLaTeX/Lu
aLaTeX

(/usr/share/texlive/texmf-dist/tex/latex/base/fontenc.sty
Package: fontenc 2005/09/27 v1.99g Standard LaTeX package

(/usr/share/texlive/texmf-dist/tex/latex/euenc/eu1enc.def
File: eu1enc.def 2010/05/27 v0.1h Experimental Unicode font encodings
Now handling font encoding EU1 ...
... no UTF-8 mapping file for font encoding EU1
)
LaTeX Font Info:    Try loading font information for EU1+lmr on input line 100.


(/usr/share/texlive/texmf-dist/tex/latex/euenc/eu1lmr.fd
File: eu1lmr.fd 2009/10/30 v1.6 Font defs for Latin Modern
))
(/usr/share/texlive/texmf-dist/tex/xelatex/xunicode/xunicode.sty
File: xunicode.sty 2011/09/09 v0.981 provides access to latin accents and many 
other characters in Unicode lower plane

*** you should *not* be loading the inputenc package
*** XeTeX expects the source to be in UTF8 encoding
*** some features of other encodings may conflict, resulting in poor output.
(/usr/share/texmf/tex/latex/tipa/t3enc.def
File: t3enc.def 2001/12/31 T3 encoding
Now handling font encoding T3 ...
... no UTF-8 mapping file for font encoding T3
LaTeX Font Info:    Try loading font information for EU1+lmss on input line 357
.

(/usr/share/texlive/texmf-dist/tex/latex/euenc/eu1lmss.fd
File: eu1lmss.fd 2009/10/30 v1.6 Font defs for Latin Modern
))
\tipaTiiicode=\count291
\tipasavetokens=\toks32
\tipachecktokens=\toks33
)
.................................................
. LaTeX info: "xparse/define-command"
. 
. Defining document command \fontspec with arg. spec. 'O{}m' on line 39.
.................................................
.................................................
. LaTeX info: "xparse/define-command"
. 
. Defining document command \setmainfont with arg. spec. 'O{}m' on line 43.
.................................................
.................................................
. LaTeX info: "xparse/define-command"
. 
. Defining document command \setsansfont with arg. spec. 'O{}m' on line 47.
.................................................
.................................................
. LaTeX info: "xparse/define-command"
. 
. Defining document command \setmonofont with arg. spec. 'O{}m' on line 51.
.................................................
.................................................
. LaTeX info: "xparse/define-command"
. 
. Defining document command \setmathrm with arg. spec. 'O{}m' on line 59.
.................................................
.................................................
. LaTeX info: "xparse/define-command"
. 
. Defining document command \setboldmathrm with arg. spec. 'O{}m' on line 62.
.................................................
.................................................
. LaTeX info: "xparse/define-command"
. 
. Defining document command \setmathsf with arg. spec. 'O{}m' on line 65.
.................................................
.................................................
. LaTeX info: "xparse/define-command"
. 
. Defining document command \setmathtt with arg. spec. 'O{}m' on line 68.
.................................................
.................................................
. LaTeX info: "xparse/define-command"
. 
. Defining document command \newfontfamily with arg. spec. 'mO{}m' on line 84.
.................................................
.................................................
. LaTeX info: "xparse/define-command"
. 
. Defining document command \newfontface with arg. spec. 'mO{}m' on line 87.
.................................................
.................................................
. LaTeX info: "xparse/define-command"
. 
. Defining document command \defaultfontfeatures with arg. spec. 'm' on line
. 91.
.................................................
.................................................
. LaTeX info: "xparse/define-command"
. 
. Defining document command \addfontfeatures with arg. spec. 'm' on line 107.
.................................................
.................................................
. LaTeX info: "xparse/define-command"
. 
. Defining document command \newfontfeature with arg. spec. 'mm' on line 118.
.................................................
.................................................
. LaTeX info: "xparse/define-command"
. 
. Defining document command \newAATfeature with arg. spec. 'mmmm' on line 125.
.................................................
.................................................
. LaTeX info: "xparse/define-command"
. 
. Defining document command \newICUfeature with arg. spec. 'mmm' on line 132.
.................................................
.................................................
. LaTeX info: "xparse/define-command"
. 
. Defining document command \aliasfontfeature with arg. spec. 'mm' on line
. 159.
.................................................
.................................................
. LaTeX info: "xparse/define-command"
. 
. Defining document command \aliasfontfeatureoption with arg. spec. 'mmm' on
. line 164.
.................................................
.................................................
. LaTeX info: "xparse/define-command"
. 
. Defining document command \newfontscript with arg. spec. 'mm' on line 169.
.................................................
.................................................
. LaTeX info: "xparse/define-command"
. 
. Defining document command \newfontlanguage with arg. spec. 'mm' on line 192.
.................................................
.................................................
. LaTeX info: "xparse/define-command"
. 
. Defining document command \DeclareFontsExtensions with arg. spec. 'm' on
. line 211.
.................................................
Variant \prop_gput:cnV already defined; not changing it on line 485
Variant \prop_gput:cnx already defined; not changing it on line 486
\l_fontspec_tmp_int=\count292
LaTeX Info: Redefining \itshape on input line 1893.
LaTeX Info: Redefining \slshape on input line 1897.
LaTeX Info: Redefining \scshape on input line 1901.
LaTeX Info: Redefining \upshape on input line 1905.

(/usr/share/texlive/texmf-dist/tex/latex/fontspec/fontspec.cfg)))
(/usr/share/texlive/texmf-dist/tex/latex/xltxtra/xltxtra.sty
Package: xltxtra 2010/09/20 v0.5e Improvements for the "XeLaTeX" format

(/usr/share/texlive/texmf-dist/tex/latex/realscripts/realscripts.sty
Package: realscripts 2010/09/30 v0.3 Access OpenType subscripts and superscript
s
.................................................
. LaTeX info: "xparse/define-command"
. 
. Defining document command \fakesubscript with arg. spec. 'm' on line 19.
.................................................
.................................................
. LaTeX info: "xparse/define-command"
. 
. Defining document command \fakesuperscript with arg. spec. 'm' on line 22.
.................................................

*************************************************
* LaTeX warning: "xparse/redefine-command"
* 
* Redefining document command \textsubscript with arg. spec. 's' on line 25.
*************************************************
*************************************************
* LaTeX warning: "xparse/redefine-command"
* 
* Redefining document command \textsuperscript with arg. spec. 's' on line 28.
*************************************************
.................................................
. LaTeX info: "xparse/define-command"
. 
. Defining document command \realsubscript with arg. spec. 'm' on line 45.
.................................................
.................................................
. LaTeX info: "xparse/define-command"
. 
. Defining document command \realsuperscript with arg. spec. 'm' on line 60.
.................................................
.................................................
. LaTeX info: "xparse/define-command"
. 
. Defining document command \textsubsuperscript with arg. spec. 'sO{l}mm' on
. line 137.
.................................................
.................................................
. LaTeX info: "xparse/define-command"
. 
. Defining document command \textsupersubscript with arg. spec. 'sO{l}mm' on
. line 140.
.................................................
\subsupersep=\dimen186
) (/usr/share/texlive/texmf-dist/tex/latex/metalogo/metalogo.sty
Package: metalogo 2010/05/29 v0.12 Extended TeX logo macros
\xl@everylogo=\toks34
\xl@@everylogo=\toks35
LaTeX Info: Redefining \TeX on input line 193.
LaTeX Info: Redefining \LaTeX on input line 202.
LaTeX Info: Redefining \LaTeXe on input line 219.
)
\xxt@tempbox=\box45
)
(/usr/share/texlive/texmf-dist/tex/xelatex/xgreek/xgreek.sty
File: xgreek.sty 2012/04/08 v2.4 Package `xgreek.sty'

Package `xgreek' version 2.4 by Apostolos Syropoulos
\@attic@num=\count293
)
(/usr/share/texlive/texmf-dist/tex/latex/tools/varioref.sty
Package: varioref 2011/10/02 v1.4z package for extended references (FMi)
\c@vrcnt=\count294
)
(/usr/share/texmf/tex/latex/xcolor/xcolor.sty
Package: xcolor 2007/01/21 v2.11 LaTeX color extensions (UK)

(/usr/share/texlive/texmf-dist/tex/latex/latexconfig/color.cfg
File: color.cfg 2007/01/18 v1.5 color configuration of teTeX/TeXLive
)
Package xcolor Info: Driver file: xetex.def on input line 225.
LaTeX Info: Redefining \color on input line 702.
Package xcolor Info: Model `cmy' substituted by `cmy0' on input line 1337.
Package xcolor Info: Model `RGB' extended on input line 1353.
Package xcolor Info: Model `HTML' substituted by `rgb' on input line 1355.
Package xcolor Info: Model `Hsb' substituted by `hsb' on input line 1356.
Package xcolor Info: Model `tHsb' substituted by `hsb' on input line 1357.
Package xcolor Info: Model `HSB' substituted by `hsb' on input line 1358.
Package xcolor Info: Model `Gray' substituted by `gray' on input line 1359.
Package xcolor Info: Model `wave' substituted by `hsb' on input line 1360.
)
\g_fontspec_family_DejaVu Sans_int=\count295
.................................................
. fontspec info: "defining-font"
. 
. Font family 'DejaVuSans(0)' created for font 'DejaVu Sans' with options
. [Mapping=tex-text,Mapping=tex-text].
. 
. This font family consists of the following shapes:
. 
. * 'normal' with NFSS spec.:
. <->"DejaVu
. Sans/ICU:script=latn;language=DFLT;mapping=tex-text;mapping=tex-text;"
. 
. * 'bold' with NFSS spec.:
. <->"DejaVu
. Sans/B/ICU:script=latn;language=DFLT;mapping=tex-text;mapping=tex-text;"
. 
. * 'italic' with NFSS spec.:
. <->"DejaVu
. Sans/I/ICU:script=latn;language=DFLT;mapping=tex-text;mapping=tex-text;"
. 
. * 'bold italic' with NFSS spec.:
. <->"DejaVu
. Sans/BI/ICU:script=latn;language=DFLT;mapping=tex-text;mapping=tex-text;"
.................................................

(/usr/share/texlive/texmf-dist/tex/latex/natbib/natbib.sty
Package: natbib 2010/09/13 8.31b (PWD, AO)
\bibhang=\skip77
\bibsep=\skip78
LaTeX Info: Redefining \cite on input line 694.
\c@NAT@ctr=\count296
)
Package hyperref Info: Option `colorlinks' set `true' on input line 32.

(/usr/share/texlive/texmf-dist/tex/latex/listings/lstlang1.sty
File: lstlang1.sty 2004/09/05 1.3 listings language file
) (./main.aux)
\openout1 = `main.aux'.

LaTeX Font Info:    Checking defaults for OML/cmm/m/it on input line 38.
LaTeX Font Info:    ... okay on input line 38.
LaTeX Font Info:    Checking defaults for T1/cmr/m/n on input line 38.
LaTeX Font Info:    ... okay on input line 38.
LaTeX Font Info:    Checking defaults for OT1/cmr/m/n on input line 38.
LaTeX Font Info:    ... okay on input line 38.
LaTeX Font Info:    Checking defaults for OMS/cmsy/m/n on input line 38.
LaTeX Font Info:    ... okay on input line 38.
LaTeX Font Info:    Checking defaults for OMX/cmex/m/n on input line 38.
LaTeX Font Info:    ... okay on input line 38.
LaTeX Font Info:    Checking defaults for U/cmr/m/n on input line 38.
LaTeX Font Info:    ... okay on input line 38.
LaTeX Font Info:    Checking defaults for PD1/pdf/m/n on input line 38.
LaTeX Font Info:    ... okay on input line 38.
LaTeX Font Info:    Checking defaults for PU/pdf/m/n on input line 38.
LaTeX Font Info:    ... okay on input line 38.
LaTeX Font Info:    Checking defaults for EU1/lmr/m/n on input line 38.
LaTeX Font Info:    ... okay on input line 38.
LaTeX Font Info:    Checking defaults for T3/cmr/m/n on input line 38.
LaTeX Font Info:    Try loading font information for T3+cmr on input line 38.

(/usr/share/texmf/tex/latex/tipa/t3cmr.fd
File: t3cmr.fd 2001/12/31 TIPA font definitions
)
LaTeX Font Info:    ... okay on input line 38.
Package caption Info: Begin \AtBeginDocument code.
Package caption Info: hyperref package is loaded.
Package caption Info: listings package is loaded.
Package caption Info: longtable package is loaded.

(/usr/share/texlive/texmf-dist/tex/latex/caption/ltcaption.sty
Package: ltcaption 2011/09/12 v1.3 longtable captions (AR)
)
Package caption Info: rotating package is loaded.
Package caption Info: subfigure package is loaded.
Package caption Info: End \AtBeginDocument code.
\c@lstlisting=\count297
\AtBeginShipoutBox=\box46
Package hyperref Info: Link coloring ON on input line 38.

(/usr/share/texlive/texmf-dist/tex/latex/hyperref/nameref.sty
Package: nameref 2010/04/30 v2.40 Cross-referencing by name of section

(/usr/share/texlive/texmf-dist/tex/generic/oberdiek/gettitlestring.sty
Package: gettitlestring 2010/12/03 v1.4 Cleanup title references (HO)
)
\c@section@level=\count298
LaTeX Info: Redefining \Ref on input line 498.
)
LaTeX Info: Redefining \ref on input line 38.
LaTeX Info: Redefining \pageref on input line 38.
LaTeX Info: Redefining \nameref on input line 38.

(./main.out) (./main.out)
\@outlinefile=\write3
\openout3 = `main.out'.

LaTeX Info: Redefining \Ref on input line 38.

*** you should *not* be loading the inputenc package
*** XeTeX expects the source to be in UTF8 encoding
*** some features of other encodings may conflict, resulting in poor output.
.................................................
. fontspec info: "setup-math"
. 
. Adjusting the maths setup (use [no-math] to avoid this).
.................................................
\symlegacymaths=\mathgroup6
LaTeX Font Info:    Overwriting symbol font `legacymaths' in version `bold'
(Font)                  OT1/cmr/m/n --> OT1/cmr/bx/n on input line 38.
LaTeX Font Info:    Redeclaring math accent \acute on input line 38.
LaTeX Font Info:    Redeclaring math accent \grave on input line 38.
LaTeX Font Info:    Redeclaring math accent \ddot on input line 38.
LaTeX Font Info:    Redeclaring math accent \tilde on input line 38.
LaTeX Font Info:    Redeclaring math accent \bar on input line 38.
LaTeX Font Info:    Redeclaring math accent \breve on input line 38.
LaTeX Font Info:    Redeclaring math accent \check on input line 38.
LaTeX Font Info:    Redeclaring math accent \hat on input line 38.
LaTeX Font Info:    Redeclaring math accent \dot on input line 38.
LaTeX Font Info:    Redeclaring math accent \mathring on input line 38.
LaTeX Font Info:    Redeclaring math symbol \Gamma on input line 38.
LaTeX Font Info:    Redeclaring math symbol \Delta on input line 38.
LaTeX Font Info:    Redeclaring math symbol \Theta on input line 38.
LaTeX Font Info:    Redeclaring math symbol \Lambda on input line 38.
LaTeX Font Info:    Redeclaring math symbol \Xi on input line 38.
LaTeX Font Info:    Redeclaring math symbol \Pi on input line 38.
LaTeX Font Info:    Redeclaring math symbol \Sigma on input line 38.
LaTeX Font Info:    Redeclaring math symbol \Upsilon on input line 38.
LaTeX Font Info:    Redeclaring math symbol \Phi on input line 38.
LaTeX Font Info:    Redeclaring math symbol \Psi on input line 38.
LaTeX Font Info:    Redeclaring math symbol \Omega on input line 38.
LaTeX Font Info:    Redeclaring math symbol \mathdollar on input line 38.
LaTeX Font Info:    Redeclaring symbol font `operators' on input line 38.
LaTeX Font Info:    Encoding `OT1' has changed to `EU1' for symbol font
(Font)              `operators' in the math version `normal' on input line 38.
LaTeX Font Info:    Overwriting symbol font `operators' in version `normal'
(Font)                  OT1/cmr/m/n --> EU1/DejaVuSans(0)/m/n on input line 38.

LaTeX Font Info:    Encoding `OT1' has changed to `EU1' for symbol font
(Font)              `operators' in the math version `bold' on input line 38.
LaTeX Font Info:    Overwriting symbol font `operators' in version `bold'
(Font)                  OT1/cmr/bx/n --> EU1/DejaVuSans(0)/m/n on input line 38
.
LaTeX Font Info:    Overwriting symbol font `operators' in version `normal'
(Font)                  EU1/DejaVuSans(0)/m/n --> EU1/DejaVuSans(0)/m/n on inpu
t line 38.
LaTeX Font Info:    Overwriting math alphabet `\mathrm' in version `normal'
(Font)                  EU1/DejaVuSans(0)/m/n --> EU1/DejaVuSans(0)/m/n on inpu
t line 38.
LaTeX Font Info:    Overwriting math alphabet `\mathit' in version `normal'
(Font)                  OT1/cmr/m/it --> EU1/DejaVuSans(0)/m/it on input line 3
8.
LaTeX Font Info:    Overwriting math alphabet `\mathbf' in version `normal'
(Font)                  OT1/cmr/bx/n --> EU1/DejaVuSans(0)/bx/n on input line 3
8.
LaTeX Font Info:    Overwriting math alphabet `\mathsf' in version `normal'
(Font)                  OT1/cmss/m/n --> EU1/lmss/m/n on input line 38.
LaTeX Font Info:    Overwriting math alphabet `\mathtt' in version `normal'
(Font)                  OT1/cmtt/m/n --> EU1/lmtt/m/n on input line 38.
LaTeX Font Info:    Overwriting symbol font `operators' in version `bold'
(Font)                  EU1/DejaVuSans(0)/m/n --> EU1/DejaVuSans(0)/bx/n on inp
ut line 38.
LaTeX Font Info:    Overwriting math alphabet `\mathrm' in version `bold'
(Font)                  EU1/DejaVuSans(0)/m/n --> EU1/DejaVuSans(0)/bx/n on inp
ut line 38.
LaTeX Font Info:    Overwriting math alphabet `\mathit' in version `bold'
(Font)                  OT1/cmr/bx/it --> EU1/DejaVuSans(0)/bx/it on input line
 38.
LaTeX Font Info:    Overwriting math alphabet `\mathsf' in version `bold'
(Font)                  OT1/cmss/bx/n --> EU1/lmss/bx/n on input line 38.
LaTeX Font Info:    Overwriting math alphabet `\mathtt' in version `bold'
(Font)                  OT1/cmtt/m/n --> EU1/lmtt/bx/n on input line 38.

LaTeX Font Warning: Font shape `EU1/DejaVuSans(0)/m/sc' undefined
(Font)              using `EU1/DejaVuSans(0)/m/n' instead on input line 69.

LaTeX Font Info:    Try loading font information for U+msa on input line 72.
(/usr/share/texlive/texmf-dist/tex/latex/amsfonts/umsa.fd
File: umsa.fd 2009/06/22 v3.00 AMS symbols A
)
LaTeX Font Info:    Try loading font information for U+msb on input line 72.

(/usr/share/texlive/texmf-dist/tex/latex/amsfonts/umsb.fd
File: umsb.fd 2009/06/22 v3.00 AMS symbols B
)
File: Figures/logo.jpg Graphic file (type QTm)

<use  "Figures/logo.jpg" >

LaTeX Font Warning: Font shape `EU1/DejaVuSans(0)/bx/sc' undefined
(Font)              using `EU1/DejaVuSans(0)/bx/n' instead on input line 91.

[1



]
------------------------------------------------------------------------------
 perilipsi Page
------------------------------------------------------------------------------

Underfull \hbox (badness 10000) in paragraph at lines 123--125

 []


Underfull \hbox (badness 10000) in paragraph at lines 126--134

 []

[1]
------------------------------------------------------------------------------
 Abstract Page
------------------------------------------------------------------------------

Overfull \hbox (2.30716pt too wide) in paragraph at lines 151--153
\EU1/DejaVuSans(0)/bx/n/10.95 Improving Recommender Systems by utilization of U
ser Communities 
 []


Underfull \hbox (badness 10000) in paragraph at lines 151--153

 []


Overfull \hbox (8.7658pt too wide) in paragraph at lines 154--166
\EU1/DejaVuSans(0)/m/sc/10.95 graph. Also we outline the design of a platform w
hich locates User Communities
 []


Overfull \hbox (15.76831pt too wide) in paragraph at lines 154--166
\EU1/DejaVuSans(0)/m/sc/10.95 research analyzes the basic concepts and approach
es of Recommender Systems
 []


Underfull \hbox (badness 10000) in paragraph at lines 154--166

 []


Overfull \hbox (32.85442pt too wide) in paragraph at lines 171--174
\EU1/DejaVuSans(0)/bx/n/10.95 KEYWORDS: \EU1/DejaVuSans(0)/m/sc/10.95 Personali
zation, Recommender Systems, Social Network, Community
 []

[2

]
------------------------------------------------------------------------------
 Acknowledgements
------------------------------------------------------------------------------
[3

]
------------------------------------------------------------------------------
 Table of Contents
------------------------------------------------------------------------------
(./main.toc [4


])
\tf@toc=\write4
\openout4 = `main.toc'.

 [5] (./Chapters/Chapter1.tex
 1.
------------------------------------------------------------------------------
 1 
------------------------------------------------------------------------------
[1



] [2]) (./Chapters/Chapter2.tex [3]
 2.
------------------------------------------------------------------------------
 2    
------------------------------------------------------------------------------
[4

]
Overfull \hbox (0.74533pt too wide) in paragraph at lines 47--57
\EU1/DejaVuSans(0)/m/sc/10.95   [](inform
ation retrieval) []   , -
 []


Underfull \hbox (badness 10000) in paragraph at lines 47--57

 []

[5]
Overfull \hbox (22.09193pt too wide) in paragraph at lines 74--78
[]\EU1/DejaVuSans(0)/m/sc/10.95     
 $\OML/cmm/m/it/10.95 C$ \EU1/DejaVuSans(0)/m/sc/10.95 
   \EU1/DejaVuSans(0)/m/it/10.95  (userProfile
)
 []

[6]
Overfull \hbox (27.88391pt too wide) in paragraph at lines 101--105
\EU1/DejaVuSans(0)/m/sc/10.95    
       Collaborat
ive
 []

[7]
Overfull \hbox (11.93594pt too wide) in paragraph at lines 146--151
\EU1/DejaVuSans(0)/m/sc/10.95 ,    
      abstr
act
 []

[8] [9]
Overfull \hbox (4.40648pt too wide) in paragraph at lines 178--178
[]\EU1/DejaVuSans(0)/bx/n/14.4    
  -
 []


Underfull \hbox (badness 10000) in paragraph at lines 193--197

 []


Underfull \hbox (badness 10000) in paragraph at lines 201--211

 []

[10] [11] [12]
File: Figures/GraphBetweenness.svg Graphic file (type QTm)
 <use  "Figures/GraphBetweenness.svg" >
Underfull \hbox (badness 10000) in paragraph at lines 280--286

 []

[13]
Overfull \hbox (3.15694pt too wide) in paragraph at lines 287--288
[]\EU1/DejaVuSans(0)/m/sc/10.95    
   GirvanNewman  
 []

[14]
File: Figures/metis.jpg Graphic file (type QTm)
 <use  "Figures/metis.jpg" > [15]) (./Chapters/Chapter3.tex [16]
 3.
------------------------------------------------------------------------------
 3 
------------------------------------------------------------------------------
[17

]
File: Figures/socialPServerComponents.png Graphic file (type QTm)
 <use  "Figures/socialPServerComponents.png" > [18] [19]
Overfull \hbox (2.73358pt too wide) in paragraph at lines 93--103
\EU1/DejaVuSans(0)/m/sc/10.95      
    .  PServer[[]]
 []


Underfull \hbox (badness 10000) in paragraph at lines 93--103

 []

[20]
Overfull \hbox (13.74733pt too wide) in paragraph at lines 112--114
\EU1/DejaVuSans(0)/m/sc/10.95     
   (Attributes),
 []

[21]
File: Figures/PServerArchitecture.png Graphic file (type QTm)
 <use  "Figures/PServerArchitecture.png" >
Overfull \hbox (35.09654pt too wide) in paragraph at lines 150--153
[]  []
 []

[22] [23]
File: Figures/socialPServer_PServer_combine.png Graphic file (type QTm)
 <use  "Figures/socialPServer_PServer_combine.png" >
Overfull \hbox (67.921pt too wide) in paragraph at lines 187--193
[]  []
 []

) (./Chapters/Chapter4.tex [24] [25]
 4.
------------------------------------------------------------------------------
 4 
------------------------------------------------------------------------------
[26

]
File: Figures/socialpserverPackageClassDiagram.png Graphic file (type QTm)
 <use  "Figures/socialpserverPackageClassDiagram.png" >
Overfull \hbox (18.0813pt too wide) in paragraph at lines 40--43
[]  []
 []


Overfull \hbox (0.4901pt too wide) in paragraph at lines 58--61
[]\EU1/DejaVuSans(0)/m/sc/10.95     
     \EU1/DejaVuSans(0)/
bx/n/10.95 socialUtils
 []

[27]
LaTeX Font Info:    Try loading font information for EU1+lmtt on input line 81.

 (/usr/share/texlive/texmf-dist/tex/latex/euenc/eu1lmtt.fd
File: eu1lmtt.fd 2009/10/30 v1.6 Font defs for Latin Modern
)
LaTeX Font Info:    Font shape `EU1/lmtt/bx/n' in size <8> not available
(Font)              Font shape `EU1/lmtt/b/n' tried instead on input line 82.
 [28]
Underfull \hbox (badness 10000) in paragraph at lines 171--174

 []

[29]
Underfull \hbox (badness 10000) in paragraph at lines 178--180

 []

[30]
Overfull \hbox (12.89796pt too wide) in paragraph at lines 261--265
\EU1/DejaVuSans(0)/bx/n/10.95 maxCommunitySize, minCommunitySize, averageCommun
itySize,
 []


Underfull \hbox (badness 10000) in paragraph at lines 274--276

 []

[31]
File: Figures/algorithmicClassDiagram.png Graphic file (type QTm)
 <use  "Figures/algorithmicClassDiagram.png" >
Overfull \hbox (65.54231pt too wide) in paragraph at lines 285--288
[]  []
 []

[32] [33] [34]
Underfull \hbox (badness 10000) in paragraph at lines 383--384

 []


Overfull \hbox (7.62697pt too wide) in paragraph at lines 403--404
\EU1/DejaVuSans(0)/m/sc/10.95   . 
     \EU1/DejaVuSans(0)/m/
it/10.95 fillGraph()\EU1/DejaVuSans(0)/m/sc/10.95 . 
 []

[35]
Overfull \hbox (35.31586pt too wide) in paragraph at lines 440--441
\EU1/DejaVuSans(0)/m/sc/10.95 communities ( )  
   SetOfCommunities. 
 []

[36] [37]
File: Figures/dataIOClassDiagram.png Graphic file (type QTm)
 <use  "Figures/dataIOClassDiagram.png" >
Underfull \hbox (badness 10000) in paragraph at lines 489--492
[]  []
 []

[38

]
Underfull \hbox (badness 10000) in paragraph at lines 501--507

 []

[39

]
Overfull \hbox (2.24661pt too wide) in paragraph at lines 564--569
\EU1/DejaVuSans(0)/m/sc/10.95      
    \EU1/DejaVuSans(0)/m/it/1
0.95 PSocialDBAccess\EU1/DejaVuSans(0)/m/sc/10.95 .
 []


Underfull \hbox (badness 10000) in paragraph at lines 570--573

 []


Underfull \hbox (badness 10000) in paragraph at lines 570--573

 []

[40]
Underfull \hbox (badness 10000) in paragraph at lines 597--599

 []

[41]
Overfull \hbox (25.23451pt too wide) in paragraph at lines 619--620
[]\EU1/DejaVuSans(0)/m/sc/10.95     
   consoleHandlers

 []

) (./Chapters/Chapter5.tex [42]
 5.
------------------------------------------------------------------------------
 5   
------------------------------------------------------------------------------

Underfull \hbox (badness 10000) in paragraph at lines 9--13

 []

[43

]
Overfull \hbox (0.51004pt too wide) in paragraph at lines 50--56
\EU1/DejaVuSans(0)/m/sc/10.95 7058820    
: $\OML/cmm/m/it/10.95 undirected\OT1/cmr/m/n/10.95 (\OML/cmm/m/it/10.95 
user[]; user[]\OT1/cmr/m/n/10.95 )$ \EU1/DejaVuSans(0)/m/sc/10.95  819607
8
 []

[44] [45]
Overfull \hbox (7.2792pt too wide) in paragraph at lines 80--82
[]\EU1/DejaVuSans(0)/m/sc/10.95     
    \EU1/DejaVuSans(0)/m/i
t/10.95 DaviesBouldin
 []

[46]
Overfull \hbox (17.94295pt too wide) in paragraph at lines 115--115
[]\EU1/DejaVuSans(0)/bx/n/12   
  - Intra Simmilarity 
 []

[47]
Overfull \hbox (1.16911pt too wide) in paragraph at lines 146--150
[]\EU1/DejaVuSans(0)/m/sc/10.95     \EU1/
DejaVuSans(0)/m/it/10.95 Intra simmilarity \EU1/DejaVuSans(0)/m/sc/10.95 
   -
 []

File: Figures/evaluation_flow.png Graphic file (type QTm)
<use  "Figures/evaluation_flow.png" >
Underfull \hbox (badness 10000) in paragraph at lines 168--171
[]  []
 []


Overfull \hbox (4.67139pt too wide) in paragraph at lines 182--190
\EU1/DejaVuSans(0)/m/sc/10.95 .    
 ,    Community
 []

[48]) (./Chapters/Chapter6.tex [49]
 6.
------------------------------------------------------------------------------
 6      
  - 
------------------------------------------------------------------------------

Overfull \hbox (2.34935pt too wide) in paragraph at lines 9--14
\EU1/DejaVuSans(0)/m/sc/10.95   , 
       DataSet.
 []

[50

]
Overfull \hbox (7.45967pt too wide) in paragraph at lines 50--58
[]\EU1/DejaVuSans(0)/m/it/10.95 EdgeBetweenness []\EU1/DejaVuSans(0)/m/sc/10.95
    \EU1/DejaVuSans(0)/m/it/10.95 
  (Shortest
 []


Underfull \hbox (badness 10000) in paragraph at lines 50--58

 []

[51

] [52]
Underfull \hbox (badness 10000) in paragraph at lines 107--107
[]\EU1/DejaVuSans(0)/m/sc/10.95    
 []


Underfull \hbox (badness 10000) in paragraph at lines 109--109
[]\EU1/DejaVuSans(0)/m/sc/10.95    
 []


Underfull \hbox (badness 1005) in paragraph at lines 111--111
[]\EU1/DejaVuSans(0)/m/sc/10.95      -
 []


Underfull \hbox (badness 1681) in paragraph at lines 111--111
\EU1/DejaVuSans(0)/m/sc/10.95    -
 []


Overfull \hbox (4.19362pt too wide) in paragraph at lines 113--113
[]\EU1/DejaVuSans(0)/bx/n/10.95 minconn| 
 []


Underfull \hbox (badness 10000) in paragraph at lines 113--113
[]\EU1/DejaVuSans(0)/m/sc/10.95    
 []


Underfull \hbox (badness 10000) in paragraph at lines 117--117
[]\EU1/DejaVuSans(0)/m/sc/10.95  ptype=rb, -
 []


Underfull \hbox (badness 2334) in paragraph at lines 117--117
\EU1/DejaVuSans(0)/m/sc/10.95   = 1 (i.e., load
 []


Underfull \hbox (badness 8000) in paragraph at lines 117--117
\EU1/DejaVuSans(0)/m/sc/10.95 imbalance of 1.001). 
 []


Underfull \hbox (badness 10000) in paragraph at lines 117--117
\EU1/DejaVuSans(0)/m/sc/10.95 ptype=kway, -
 []


Overfull \hbox (67.16522pt too wide) in paragraph at lines 97--132
[]  [] 
 []

[53

]
Underfull \hbox (badness 10000) in paragraph at lines 151--151
[]\EU1/DejaVuSans(0)/m/it/10.95 Edge
 []


Underfull \hbox (badness 10000) in paragraph at lines 151--151
\EU1/DejaVuSans(0)/m/it/10.95 Betweenness
 []


Underfull \hbox (badness 10000) in paragraph at lines 151--151
[]\EU1/DejaVuSans(0)/m/it/10.95 Edge
 []


Underfull \hbox (badness 10000) in paragraph at lines 151--151
\EU1/DejaVuSans(0)/m/it/10.95 Betweenness
 []


Underfull \hbox (badness 10000) in paragraph at lines 158--158
[]\EU1/DejaVuSans(0)/bx/n/10.95 Total clustering scheme
 []


Underfull \hbox (badness 10000) in paragraph at lines 159--159
[]\EU1/DejaVuSans(0)/bx/n/10.95 Compactness of all
 []


Overfull \hbox (62.30211pt too wide) in paragraph at lines 148--164
[]  [] 
 []

[54

]
Underfull \hbox (badness 10000) in paragraph at lines 206--206
[]\EU1/DejaVuSans(0)/bx/n/10.95 number of
 []


Underfull \hbox (badness 10000) in paragraph at lines 210--210
[]\EU1/DejaVuSans(0)/bx/n/10.95 average community
 []


Underfull \hbox (badness 10000) in paragraph at lines 211--211
[]\EU1/DejaVuSans(0)/bx/n/10.95 Total clustering
 []


Underfull \hbox (badness 10000) in paragraph at lines 212--212
[]\EU1/DejaVuSans(0)/bx/n/10.95 Compactness of all
 []


Overfull \hbox (2.38025pt too wide) in paragraph at lines 249--255
\EU1/DejaVuSans(0)/m/sc/10.95   
 ( )   

 []

[55]
Overfull \hbox (6.82797pt too wide) in paragraph at lines 268--268
[]\EU1/DejaVuSans(0)/bx/n/12   
 (Partitioning): Metis 
 []


Underfull \hbox (badness 10000) in paragraph at lines 278--278
[]\EU1/DejaVuSans(0)/bx/n/10.95 number of
 []


Underfull \hbox (badness 10000) in paragraph at lines 280--280
[]\EU1/DejaVuSans(0)/bx/n/10.95 max community
 []


Underfull \hbox (badness 10000) in paragraph at lines 281--281
[]\EU1/DejaVuSans(0)/bx/n/10.95 min community
 []


Underfull \hbox (badness 10000) in paragraph at lines 282--282
[]\EU1/DejaVuSans(0)/bx/n/10.95 average
 []


Underfull \hbox (badness 10000) in paragraph at lines 283--283
[]\EU1/DejaVuSans(0)/bx/n/10.95 Total clustering
 []


Underfull \hbox (badness 10000) in paragraph at lines 283--283
\EU1/DejaVuSans(0)/bx/n/10.95 scheme
 []


Overfull \hbox (2.01602pt too wide) in paragraph at lines 283--283
[]\EU1/DejaVuSans(0)/m/sc/10.95 0.026727572| 
 []


Underfull \hbox (badness 10000) in paragraph at lines 284--284
[]\EU1/DejaVuSans(0)/bx/n/10.95 Compactness of
 []


Overfull \hbox (62.9746pt too wide) in paragraph at lines 291--296
\EU1/DejaVuSans(0)/m/sc/10.95 (g, 22, Gpmetis.Ptype.rb, Gpmetis.Ctype.rm, Gpmet
is.Iptype.grow, Gpmetis.Objtype.cut,
 []


Overfull \hbox (5.64633pt too wide) in paragraph at lines 291--296
\EU1/DejaVuSans(0)/m/sc/10.95 (g, 9000, Gpmetis.Ptype.kway, Gpmetis.Ctype.shem,
 Gpmetis.Iptype.random,
 []

[56

]
Overfull \hbox (0.3884pt too wide) in paragraph at lines 325--329
$[]$ \EU1/DejaVuSans(0)/m/sc/10.95  Metis   
       \EU1/Deja
VuSans(0)/m/it/10.95 flixster
 []

[57]) (./Chapters/Chapter7.tex [58

]
 7.
------------------------------------------------------------------------------
 7   -  
 - 
------------------------------------------------------------------------------
[59

] [60]
Underfull \hbox (badness 10000) in paragraph at lines 57--59

 []


Underfull \hbox (badness 10000) in paragraph at lines 67--67
[]\EU1/DejaVuSans(0)/m/sc/10.95 JUNG Software Library [][]$[][][][] [] [] [] []
[][][] []
 []


Underfull \hbox (badness 10000) in paragraph at lines 68--68
[]\EU1/DejaVuSans(0)/m/sc/10.95 JUNG Software Library [][]$[][][][] [] [] [] []
[][][] []
 []


Underfull \hbox (badness 10000) in paragraph at lines 69--69
[]\EU1/DejaVuSans(0)/m/sc/10.95 jgrapht Java graph Library [][]$[][][][][] []
 []


Underfull \hbox (badness 10000) in paragraph at lines 69--69
[] [] [][][][][][] [] [][][] [] [][][][][][][] [] [][][][][][][] [] [][][][] []

 []


Underfull \hbox (badness 1275) in paragraph at lines 70--70
[]\EU1/DejaVuSans(0)/m/sc/10.95 Karypis George [][]$[][][][][] [] [] [] [][][] 
[] [][][][][][] [] [][][] []
 []


Underfull \hbox (badness 7486) in paragraph at lines 71--71
[]\EU1/DejaVuSans(0)/m/sc/10.95 Grph - graph library [][]$[][][][] [] [] [] [][
][] [] [][][] []
 []


Underfull \hbox (badness 4316) in paragraph at lines 72--72
[]\EU1/DejaVuSans(0)/m/sc/10.95 betweenness figure
 []


Underfull \hbox (badness 10000) in paragraph at lines 72--72
[]\EU1/DejaVuSans(0)/m/sc/10.95 Claudio Rocchini(2007) - Wiki
 []


Underfull \hbox (badness 10000) in paragraph at lines 72--72
[][]$[][][][][] [] [] [] [][] [] [][][][][][][][][] [] [][][] [] [][][][] [] []
[][][] []
 []


Underfull \hbox (badness 10000) in paragraph at lines 73--73
[]\EU1/DejaVuSans(0)/m/sc/10.95 Dimokritos - SciFy [][]$[][][][] [] [] []
 []


Underfull \hbox (badness 10000) in paragraph at lines 73--73
[][][][][][][][][][][][][][][][] [] [][][] [] [][] [] [][][][][][][] []
 []

)
Overfull \hbox (49.447pt too wide) in paragraph at lines 63--235
[]  []
 []


Underfull \hbox (badness 10000) in paragraph at lines 63--235

 []

[61]
------------------------------------------------------------------------------
 
------------------------------------------------------------------------------
(./main.bbl
Underfull \hbox (badness 4967) in paragraph at lines 10--14
[]\EU1/DejaVuSans(0)/m/sc/10.95 Maurice D Mulvenna, Sarabjot S Anand, and Alex 
G Bchner.
 []


Underfull \hbox (badness 10000) in paragraph at lines 10--14
\EU1/DejaVuSans(0)/m/sc/10.95 Personalization on the net using web mining: intr
oduction.
 []


Underfull \hbox (badness 1648) in paragraph at lines 29--36
[]\EU1/DejaVuSans(0)/m/sc/10.95 G. Adomavicius and A. Tuzhilin.  Toward the nex
t generation of
 []


Underfull \hbox (badness 10000) in paragraph at lines 39--44
[]\EU1/DejaVuSans(0)/m/sc/10.95 Will Hill, Larry Stead, Mark Rosenstein, and Ge
orge Furnas.
 []


Underfull \hbox (badness 1281) in paragraph at lines 39--44
\EU1/DejaVuSans(0)/m/sc/10.95 Recommending and evaluating choices in a virtual 
community of
 []


Underfull \hbox (badness 1320) in paragraph at lines 39--44
\EU1/DejaVuSans(0)/m/it/10.95 in computing systems\EU1/DejaVuSans(0)/m/sc/10.95
 , pages 194201. ACM Press/Addison-Wesley
 []

[62


]
Underfull \hbox (badness 10000) in paragraph at lines 70--76
[]\EU1/DejaVuSans(0)/m/sc/10.95 KannaAl Falahi, Nikolaos Mavridis, and Yacine A
tif.  Social
 []


Underfull \hbox (badness 6741) in paragraph at lines 70--76
\EU1/DejaVuSans(0)/m/sc/10.95 networks and recommender systems: A world of curr
ent and
 []


Underfull \hbox (badness 4739) in paragraph at lines 70--76
\EU1/DejaVuSans(0)/m/sc/10.95 future synergies.  \EU1/DejaVuSans(0)/m/it/10.95 
Computational Social Networks\EU1/DejaVuSans(0)/m/sc/10.95 , pages 445
 []


Underfull \hbox (badness 6141) in paragraph at lines 70--76
\EU1/DejaVuSans(0)/m/sc/10.95 465, 2012.  doi: $[][] [] [][][][] [] [][][][][][
][][][][][][][][][][][][][][][] [] [][]$.  URL [][]$[][][][] []
 []


Underfull \hbox (badness 8094) in paragraph at lines 86--94
[]\EU1/DejaVuSans(0)/m/sc/10.95 Nina Mishra, Robert Schreiber, Isabelle Stanton
, and RobertE.
 []


Underfull \hbox (badness 4765) in paragraph at lines 86--94
\EU1/DejaVuSans(0)/m/sc/10.95 Tarjan.  Clustering social networks.  In Anthony 
Bonato and
 []


Underfull \hbox (badness 2126) in paragraph at lines 86--94
\EU1/DejaVuSans(0)/m/sc/10.95 volume 4863 of \EU1/DejaVuSans(0)/m/it/10.95 Lect
ure Notes in Computer Science\EU1/DejaVuSans(0)/m/sc/10.95 , pages 56
 []


Underfull \hbox (badness 2556) in paragraph at lines 86--94
\EU1/DejaVuSans(0)/m/sc/10.95 67. Springer Berlin Heidelberg, 2007.  ISBN 978-3
-540-77003-9.
 []


Underfull \hbox (badness 2726) in paragraph at lines 113--116
[]\EU1/DejaVuSans(0)/m/sc/10.95 Linton C Freeman.  A set of measures of central
ity based on
 []

[63]
Underfull \hbox (badness 1168) in paragraph at lines 207--210
[]\EU1/DejaVuSans(0)/m/sc/10.95 grouplens.  grouplens lastfm dataset.  URL [][]
$[][][][] [] [] [] [][][][][][][][][] [] [][][] []
 []

[64]
Underfull \hbox (badness 3884) in paragraph at lines 222--226
[]\EU1/DejaVuSans(0)/m/sc/10.95 Paolo Massa and Paolo Avesani.  Trust-aware boo
tstrapping of
 []


Underfull \hbox (badness 2591) in paragraph at lines 243--246
[]\EU1/DejaVuSans(0)/m/sc/10.95 Pekka Miettinen, Mikko Honkala, and Janne Roos.
  \EU1/DejaVuSans(0)/m/it/10.95 Using metis
 []

)
Package atveryend Info: Empty hook `BeforeClearDocument' on input line 251.
 [65]
Package atveryend Info: Empty hook `AfterLastShipout' on input line 251.
 (./main.aux)
Package atveryend Info: Empty hook `AtVeryEndDocument' on input line 251.
Package atveryend Info: Empty hook `AtEndAfterFileList' on input line 251.


LaTeX Font Warning: Some font shapes were not available, defaults substituted.

Package atveryend Info: Empty hook `AtVeryVeryEnd' on input line 251.
 ) 
Here is how much of TeX's memory you used:
 24212 strings out of 494003
 448176 string characters out of 3152810
 526450 words of memory out of 3000000
 27084 multiletter control sequences out of 15000+200000
 8544 words of font info for 64 fonts, out of 3000000 for 9000
 1144 hyphenation exceptions out of 8191
 49i,12n,45p,678b,1976s stack positions out of 5000i,500n,10000p,200000b,50000s

Output written on main.pdf (71 pages).
