\BOOKMARK [0][-]{dummy.1}{\376\377\003\240\003\265\003\301\003\257\003\273\003\267\003\310\003\267}{}% 1
\BOOKMARK [0][-]{dummy.2}{\376\377\000A\000b\000s\000t\000r\000a\000c\000t}{}% 2
\BOOKMARK [0][-]{dummy.3}{\376\377\003\225\003\305\003\307\003\261\003\301\003\271\003\303\003\304\003\257\003\265\003\302}{}% 3
\BOOKMARK [0][-]{dummy.4}{\376\377\003\240\003\265\003\301\003\271\003\265\003\307\003\314\003\274\003\265\003\275\003\261}{}% 4
\BOOKMARK [0][-]{chapter.6}{\376\377\0001\000\040\003\225\003\271\003\303\003\261\003\263\003\311\003\263\003\256}{}% 5
\BOOKMARK [1][-]{section.7}{\376\377\0001\000.\0001\000\040\003\221\003\275\003\254\003\273\003\305\003\303\003\267\000\040\003\244\003\277\003\305\000\040\003\240\003\301\003\277\003\262\003\273\003\256\003\274\003\261\003\304\003\277\003\302}{chapter.6}% 6
\BOOKMARK [1][-]{section.8}{\376\377\0001\000.\0002\000\040\003\240\003\301\003\277\003\303\003\255\003\263\003\263\003\271\003\303\003\267}{chapter.6}% 7
\BOOKMARK [0][-]{chapter.9}{\376\377\0002\000\040\003\230\003\265\003\311\003\301\003\267\003\304\003\271\003\272\003\256\000\040\003\221\003\275\003\254\003\273\003\305\003\303\003\267\000\040\003\272\003\261\003\271\000\040\003\221\003\273\003\263\003\314\003\301\003\271\003\270\003\274\003\277\003\271}{}% 8
\BOOKMARK [1][-]{section.10}{\376\377\0002\000.\0001\000\040\003\240\003\301\003\277\003\303\003\311\003\300\003\277\003\300\003\277\003\257\003\267\003\303\003\267}{chapter.9}% 9
\BOOKMARK [1][-]{section.11}{\376\377\0002\000.\0002\000\040\003\243\003\305\003\303\003\304\003\256\003\274\003\261\003\304\003\261\000\040\003\243\003\305\003\303\003\304\003\254\003\303\003\265\003\311\003\275}{chapter.9}% 10
\BOOKMARK [2][-]{subsection.12}{\376\377\0002\000.\0002\000.\0001\000\040\003\225\003\271\003\303\003\261\003\263\003\311\003\263\003\256\000\040\003\243\003\304\003\261\000\040\003\243\003\305\003\303\003\304\003\256\003\274\003\261\003\304\003\261\000\040\003\243\003\305\003\303\003\304\003\254\003\303\003\265\003\311\003\275}{section.11}% 11
\BOOKMARK [2][-]{subsection.13}{\376\377\0002\000.\0002\000.\0002\000\040\003\234\003\255\003\270\003\277\003\264\003\277\003\271\000\040\003\243\003\305\003\303\003\304\003\254\003\303\003\265\003\311\003\275}{section.11}% 12
\BOOKMARK [1][-]{section.14}{\376\377\0002\000.\0003\000\040\003\232\003\277\003\271\003\275\003\311\003\275\003\271\003\272\003\254\000\040\003\243\003\305\003\303\003\304\003\256\003\274\003\261\003\304\003\261\000\040\003\243\003\305\003\303\003\304\003\254\003\303\003\265\003\311\003\275}{chapter.9}% 13
\BOOKMARK [2][-]{subsection.15}{\376\377\0002\000.\0003\000.\0001\000\040\003\232\003\277\003\271\003\275\003\311\003\275\003\271\003\272\003\254\000\040\003\224\003\257\003\272\003\304\003\305\003\261\000\040\003\272\003\261\003\271\000\040\003\243\003\305\003\303\003\304\003\256\003\274\003\261\003\304\003\261\000\040\003\243\003\305\003\303\003\304\003\254\003\303\003\265\003\311\003\275}{section.14}% 14
\BOOKMARK [2][-]{subsection.16}{\376\377\0002\000.\0003\000.\0002\000\040\003\243\003\305\003\303\003\304\003\254\003\303\003\265\003\271\003\302\000\040\003\262\003\254\003\303\003\267\000\040\003\225\003\274\003\300\003\271\003\303\003\304\003\277\003\303\003\315\003\275\003\267\003\302\000\040\003\272\003\261\003\271\000\040\003\232\003\277\003\271\003\275\003\311\003\275\003\271\003\272\003\255\003\302\000\040\003\243\003\305\003\303\003\304\003\254\003\303\003\265\003\271\003\302}{section.14}% 15
\BOOKMARK [2][-]{subsection.17}{\376\377\0002\000.\0003\000.\0003\000\040\003\240\003\316\003\302\000\040\003\230\003\261\000\040\003\240\003\265\003\304\003\315\003\307\003\277\003\305\003\274\003\265\000\040\003\232\003\277\003\271\003\275\003\311\003\275\003\271\003\272\003\255\003\302\000\040\003\243\003\305\003\303\003\304\003\254\003\303\003\265\003\271\003\302}{section.14}% 16
\BOOKMARK [2][-]{subsection.18}{\376\377\0002\000.\0003\000.\0004\000\040\003\244\003\271\000\040\003\265\003\257\003\275\003\261\003\271\000\040\003\272\003\261\003\271\000\040\003\304\003\271\000\040\003\261\003\275\003\304\003\271\003\300\003\301\003\277\003\303\003\311\003\300\003\265\003\315\003\265\003\271\000\040\003\274\003\271\003\261\000\040\003\232\003\277\003\271\003\275\003\314\003\304\003\267\003\304\003\261\000\040\003\247\003\301\003\267\003\303\003\304\003\316\003\275}{section.14}% 17
\BOOKMARK [1][-]{section.19}{\376\377\0002\000.\0004\000\040\003\221\003\273\003\263\003\314\003\301\003\271\003\270\003\274\003\277\003\271\000\040\003\263\003\271\003\261\000\040\003\304\003\267\003\275\000\040\003\300\003\261\003\301\003\261\003\263\003\311\003\263\003\256\000\040\003\232\003\277\003\271\003\275\003\277\003\304\003\256\003\304\003\311\003\275\000\040\003\247\003\301\003\267\003\303\003\304\003\316\003\275}{chapter.9}% 18
\BOOKMARK [1][-]{section.20}{\376\377\0002\000.\0005\000\040\003\221\003\275\003\254\003\273\003\305\003\303\003\267\000\040\003\304\003\311\003\275\000\040\003\221\003\273\003\263\003\277\003\301\003\257\003\270\003\274\003\311\003\275}{chapter.9}% 19
\BOOKMARK [2][-]{subsection.21}{\376\377\0002\000.\0005\000.\0001\000\040\000W\000e\000a\000k\000C\000o\000m\000p\000o\000n\000e\000n\000t}{section.20}% 20
\BOOKMARK [2][-]{subsection.22}{\376\377\0002\000.\0005\000.\0002\000\040\000E\000d\000g\000e\000B\000e\000t\000w\000e\000e\000n\000n\000e\000s\000s}{section.20}% 21
\BOOKMARK [2][-]{subsection.24}{\376\377\0002\000.\0005\000.\0003\000\040\000B\000r\000o\000n\000K\000e\000r\000b\000o\000s\000c\000h}{section.20}% 22
\BOOKMARK [2][-]{subsection.25}{\376\377\0002\000.\0005\000.\0004\000\040\000M\000e\000t\000i\000s}{section.20}% 23
\BOOKMARK [0][-]{chapter.27}{\376\377\0003\000\040\003\243\003\307\003\265\003\264\003\271\003\261\003\303\003\274\003\314\003\302}{}% 24
\BOOKMARK [1][-]{section.28}{\376\377\0003\000.\0001\000\040\000s\000o\000c\000i\000a\000l\000P\000S\000e\000r\000v\000e\000r}{chapter.27}% 25
\BOOKMARK [1][-]{section.30}{\376\377\0003\000.\0002\000\040\003\232\003\277\003\271\003\275\003\311\003\275\003\271\003\272\003\256\000\040\003\240\003\273\003\267\003\301\003\277\003\306\003\277\003\301\003\257\003\261}{chapter.27}% 26
\BOOKMARK [1][-]{section.32}{\376\377\0003\000.\0003\000\040\003\232\003\277\003\271\003\275\003\314\003\304\003\267\003\304\003\265\003\302\000\040\003\307\003\301\003\267\003\303\003\304\003\316\003\275}{chapter.27}% 27
\BOOKMARK [1][-]{section.33}{\376\377\0003\000.\0004\000\040\003\240\003\301\003\277\003\306\003\257\003\273\000\040\003\247\003\301\003\256\003\303\003\304\003\267\000\040\000\050\000u\000s\000e\000r\000P\000r\000o\000f\000i\000l\000e\000\051}{chapter.27}% 28
\BOOKMARK [1][-]{section.34}{\376\377\0003\000.\0005\000\040\000P\000S\000e\000r\000v\000e\000r}{chapter.27}% 29
\BOOKMARK [1][-]{section.35}{\376\377\0003\000.\0006\000\040\003\221\003\301\003\307\003\271\003\304\003\265\003\272\003\304\003\277\003\275\003\271\003\272\003\256\000\040\003\304\003\277\003\305\000\040\000P\000S\000e\000r\000v\000e\000r}{chapter.27}% 30
\BOOKMARK [1][-]{section.37}{\376\377\0003\000.\0007\000\040\003\265\003\275\003\303\003\311\003\274\003\254\003\304\003\311\003\303\003\267\000\040\003\303\003\304\003\277\003\275\000\040\000P\000S\000e\000r\000v\000e\000r}{chapter.27}% 31
\BOOKMARK [0][-]{chapter.39}{\376\377\0004\000\040\003\245\003\273\003\277\003\300\003\277\003\257\003\267\003\303\003\267}{}% 32
\BOOKMARK [1][-]{section.40}{\376\377\0004\000.\0001\000\040\003\240\003\261\003\272\003\255\003\304\003\277\000\040\000s\000o\000c\000i\000a\000l\000p\000s\000e\000r\000v\000e\000r}{chapter.39}% 33
\BOOKMARK [2][-]{subsection.42}{\376\377\0004\000.\0001\000.\0001\000\040\000S\000o\000c\000i\000a\000l\000P\000S\000e\000r\000v\000e\000r\000-\000m\000a\000i\000n}{section.40}% 34
\BOOKMARK [2][-]{subsection.43}{\376\377\0004\000.\0001\000.\0002\000\040\000C\000o\000m\000m\000u\000n\000i\000t\000y}{section.40}% 35
\BOOKMARK [2][-]{subsection.69}{\376\377\0004\000.\0001\000.\0003\000\040\000S\000e\000t\000O\000f\000C\000o\000m\000m\000u\000n\000i\000t\000i\000e\000s}{section.40}% 36
\BOOKMARK [1][-]{section.104}{\376\377\0004\000.\0002\000\040\003\240\003\261\003\272\003\255\003\304\003\277\000\040\000s\000o\000c\000i\000a\000l\000p\000s\000e\000r\000v\000e\000r\000.\000a\000l\000g\000o\000r\000i\000t\000h\000m\000i\000c}{chapter.39}% 37
\BOOKMARK [2][-]{subsection.106}{\376\377\0004\000.\0002\000.\0001\000\040\000i\000n\000t\000e\000r\000f\000a\000c\000e\000\040\000C\000l\000u\000s\000t\000e\000r\000e\000r\000A\000l\000g\000o\000r\000i\000t\000h\000m}{section.104}% 38
\BOOKMARK [2][-]{subsection.120}{\376\377\0004\000.\0002\000.\0002\000\040\000E\003\275\003\264\003\265\003\271\003\272\003\304\003\271\003\272\003\255\003\302\000\040\000Y\003\273\003\277\003\300\003\277\003\271\003\256\003\303\003\265\003\271\003\302\000\040\003\221\003\273\003\263\003\277\003\301\003\257\003\270\003\274\003\311\003\275}{section.104}% 39
\BOOKMARK [1][-]{section.188}{\376\377\0004\000.\0003\000\040\003\240\003\261\003\272\003\255\003\304\003\277\000\040\000s\000o\000c\000i\000a\000l\000p\000s\000e\000r\000v\000e\000r\000.\000d\000a\000t\000a\000i\000o}{chapter.39}% 40
\BOOKMARK [2][-]{subsection.190}{\376\377\0004\000.\0003\000.\0001\000\040\003\221\003\275\003\254\003\272\003\304\003\267\003\303\003\267\000\040\000-\000\040\003\221\003\300\003\277\003\270\003\256\003\272\003\265\003\305\003\303\003\267}{section.188}% 41
\BOOKMARK [2][-]{subsection.204}{\376\377\0004\000.\0003\000.\0002\000\040\000D\000B\000A\000c\000c\000e\000s\000s}{section.188}% 42
\BOOKMARK [2][-]{subsection.210}{\376\377\0004\000.\0003\000.\0003\000\040\000L\000o\000g\000g\000e\000r\000s}{section.188}% 43
\BOOKMARK [0][-]{chapter.223}{\376\377\0005\000\040\003\221\003\276\003\271\003\277\003\273\003\314\003\263\003\267\003\303\003\267\000\040\003\300\003\261\003\301\003\261\003\263\003\314\003\274\003\265\003\275\003\311\003\275\000\040\003\272\003\277\003\271\003\275\003\277\003\304\003\256\003\304\003\311\003\275}{}% 44
\BOOKMARK [1][-]{section.224}{\376\377\0005\000.\0001\000\040\003\224\003\265\003\264\003\277\003\274\003\255\003\275\003\261\000\040\000\050\000D\000a\000t\000a\000S\000e\000t\000s\000\051}{chapter.223}% 45
\BOOKMARK [1][-]{section.225}{\376\377\0005\000.\0002\000\040\003\243\003\307\003\265\003\264\003\271\003\261\003\303\003\274\003\314\003\302\000\040\003\304\003\267\003\302\000\040\003\274\003\265\003\270\003\314\003\264\003\277\003\305\000\040\003\221\003\276\003\271\003\277\003\273\003\314\003\263\003\267\003\303\003\267\003\302}{chapter.223}% 46
\BOOKMARK [2][-]{subsection.226}{\376\377\0005\000.\0002\000.\0001\000\040\003\221\003\275\003\304\003\271\003\300\003\301\003\277\003\303\003\311\003\300\003\265\003\305\003\304\003\271\003\272\003\314\000\040\003\303\003\267\003\274\003\265\003\257\003\277\000\040\003\303\003\305\003\303\003\304\003\254\003\264\003\261\003\302\000\040\000-\000\040\000c\000e\000n\000t\000r\000o\000i\000d}{section.225}% 47
\BOOKMARK [2][-]{subsection.227}{\376\377\0005\000.\0002\000.\0002\000\040\003\234\003\265\003\304\003\301\003\271\003\272\003\256\000\040\003\277\003\274\003\277\003\271\003\314\003\304\003\267\003\304\003\261\003\302\000\040\000-\000\040\000c\000o\000s\000i\000n\000e\000\040\000s\000i\000m\000i\000l\000a\000r\000i\000t\000y}{section.225}% 48
\BOOKMARK [2][-]{subsection.228}{\376\377\0005\000.\0002\000.\0003\000\040\003\234\003\265\003\304\003\301\003\271\003\272\003\256\000\040\003\277\003\274\003\277\003\271\003\314\003\304\003\267\003\304\003\261\003\302\000\040\003\266\003\265\003\315\003\263\003\277\003\305\003\302\000\040\003\303\003\305\003\303\003\304\003\254\003\264\003\311\003\275\000\040\000-\000\040\000I\000n\000t\000r\000a\000\040\000S\000i\000m\000m\000i\000l\000a\000r\000i\000t\000y}{section.225}% 49
\BOOKMARK [2][-]{subsection.229}{\376\377\0005\000.\0002\000.\0004\000\040\000I\000n\000t\000e\000r\000\040\000S\000i\000m\000m\000i\000l\000a\000r\000i\000t\000y}{section.225}% 50
\BOOKMARK [1][-]{section.231}{\376\377\0005\000.\0003\000\040\003\245\003\273\003\277\003\300\003\277\003\257\003\267\003\303\003\267\000\040\003\304\003\267\003\302\000\040\003\221\003\276\003\271\003\277\003\273\003\314\003\263\003\267\003\303\003\267\003\302}{chapter.223}% 51
\BOOKMARK [0][-]{chapter.232}{\376\377\0006\000\040\003\225\003\306\003\261\003\301\003\274\003\277\003\263\003\256\000\040\003\240\003\301\003\277\003\263\003\301\003\254\003\274\003\274\003\261\003\304\003\277\003\302\000\040\003\272\003\261\003\271\000\040\003\221\003\273\003\263\003\277\003\301\003\257\003\270\003\274\003\311\003\275\000\040\003\243\003\265\000\040\003\240\003\301\003\261\003\263\003\274\003\261\003\304\003\271\003\272\003\254\000\040\003\224\003\265\003\264\003\277\003\274\003\255\003\275\003\261\000\040\000-\000\040\003\243\003\305\003\274\003\300\003\265\003\301\003\254\003\303\003\274\003\261\003\304\003\261}{}% 52
\BOOKMARK [1][-]{section.233}{\376\377\0006\000.\0001\000\040\003\225\003\306\003\261\003\301\003\274\003\277\003\263\003\256\000\040\003\243\003\265\000\040\003\240\003\301\003\261\003\263\003\274\003\261\003\304\003\271\003\272\003\254\000\040\003\224\003\265\003\264\003\277\003\274\003\255\003\275\003\261}{chapter.232}% 53
\BOOKMARK [2][-]{subsection.234}{\376\377\0006\000.\0001\000.\0001\000\040\003\247\003\261\003\301\003\261\003\272\003\304\003\267\003\301\003\271\003\303\003\304\003\271\003\272\003\254\000\040\003\304\003\311\003\275\000\040\003\221\003\273\003\263\003\277\003\301\003\257\003\270\003\274\003\311\003\275\000:}{section.233}% 54
\BOOKMARK [2][-]{subsection.235}{\376\377\0006\000.\0001\000.\0002\000\040\003\225\003\306\003\261\003\301\003\274\003\277\003\263\003\256\000\040\003\221\003\273\003\263\003\277\003\301\003\257\003\270\003\274\003\311\003\275\000\040\003\237\003\274\003\261\003\264\003\277\003\300\003\277\003\257\003\267\003\303\003\267\003\302\000\040\000\050\000C\000l\000u\000s\000t\000e\000r\000i\000n\000g\000\051}{section.233}% 55
\BOOKMARK [2][-]{subsection.236}{\376\377\0006\000.\0001\000.\0003\000\040\003\225\003\306\003\261\003\301\003\274\003\277\003\263\003\256\000\040\003\221\003\273\003\263\003\277\003\301\003\257\003\270\003\274\003\311\003\275\000\040\003\232\003\261\003\304\003\254\003\304\003\274\003\267\003\303\003\267\003\302\000\040\000\050\000P\000a\000r\000t\000i\000t\000i\000o\000n\000i\000n\000g\000\051\000:\000\040\000M\000e\000t\000i\000s}{section.233}% 56
\BOOKMARK [1][-]{section.237}{\376\377\0006\000.\0002\000\040\003\243\003\305\003\274\003\300\003\265\003\301\003\254\003\303\003\274\003\261\003\304\003\261}{chapter.232}% 57
\BOOKMARK [0][-]{chapter.238}{\376\377\0007\000\040\003\234\003\265\003\273\003\273\003\277\003\275\003\304\003\271\003\272\003\255\003\302\000\040\003\225\003\300\003\265\003\272\003\304\003\254\003\303\003\265\003\271\003\302\000\040\000-\000\040\003\240\003\301\003\277\003\303\003\311\003\300\003\271\003\272\003\254\000\040\003\224\003\265\003\264\003\277\003\274\003\255\003\275\003\261\000\040\000-\000\040\003\206\003\264\003\265\003\271\003\265\003\302}{}% 58
\BOOKMARK [1][-]{section.239}{\376\377\0007\000.\0001\000\040\003\234\003\265\003\273\003\273\003\277\003\275\003\304\003\271\003\272\003\255\003\302\000\040\003\225\003\300\003\265\003\272\003\304\003\254\003\303\003\265\003\271\003\302}{chapter.238}% 59
\BOOKMARK [1][-]{section.240}{\376\377\0007\000.\0002\000\040\003\240\003\301\003\277\003\303\003\311\003\300\003\271\003\272\003\254\000\040\003\224\003\265\003\264\003\277\003\274\003\255\003\275\003\261}{chapter.238}% 60
\BOOKMARK [1][-]{section.241}{\376\377\0007\000.\0003\000\040\003\206\003\264\003\265\003\271\003\265\003\302}{chapter.238}% 61
\BOOKMARK [0][-]{dummy.242}{\376\377\003\222\003\271\003\262\003\273\003\271\003\277\003\263\003\301\003\261\003\306\003\257\003\261}{}% 62
